[2024-07-29T05:06:05.160+0000] {processor.py:161} INFO - Started process (PID=296) to work on /opt/airflow/dags/maio_dag.py
[2024-07-29T05:06:05.160+0000] {processor.py:830} INFO - Processing file /opt/airflow/dags/maio_dag.py for tasks to queue
[2024-07-29T05:06:05.162+0000] {logging_mixin.py:188} INFO - [2024-07-29T05:06:05.162+0000] {dagbag.py:545} INFO - Filling up the DagBag from /opt/airflow/dags/maio_dag.py
[2024-07-29T05:06:05.184+0000] {processor.py:840} INFO - DAG(s) 'welcome_dag' retrieved from /opt/airflow/dags/maio_dag.py
[2024-07-29T05:06:05.299+0000] {logging_mixin.py:188} INFO - [2024-07-29T05:06:05.299+0000] {dag.py:3089} INFO - Sync 1 DAGs
[2024-07-29T05:06:05.317+0000] {logging_mixin.py:188} INFO - [2024-07-29T05:06:05.316+0000] {dag.py:3947} INFO - Setting next_dagrun for welcome_dag to 2024-07-28 23:00:00+00:00, run_after=2024-07-29 23:00:00+00:00
[2024-07-29T05:06:05.473+0000] {processor.py:183} INFO - Processing /opt/airflow/dags/maio_dag.py took 0.317 seconds
[2024-07-29T05:06:35.739+0000] {processor.py:161} INFO - Started process (PID=298) to work on /opt/airflow/dags/maio_dag.py
[2024-07-29T05:06:35.740+0000] {processor.py:830} INFO - Processing file /opt/airflow/dags/maio_dag.py for tasks to queue
[2024-07-29T05:06:35.741+0000] {logging_mixin.py:188} INFO - [2024-07-29T05:06:35.741+0000] {dagbag.py:545} INFO - Filling up the DagBag from /opt/airflow/dags/maio_dag.py
[2024-07-29T05:06:35.758+0000] {processor.py:840} INFO - DAG(s) 'welcome_dag' retrieved from /opt/airflow/dags/maio_dag.py
[2024-07-29T05:06:35.779+0000] {logging_mixin.py:188} INFO - [2024-07-29T05:06:35.779+0000] {dag.py:3089} INFO - Sync 1 DAGs
[2024-07-29T05:06:35.799+0000] {logging_mixin.py:188} INFO - [2024-07-29T05:06:35.799+0000] {dag.py:3947} INFO - Setting next_dagrun for welcome_dag to 2024-07-28 23:00:00+00:00, run_after=2024-07-29 23:00:00+00:00
[2024-07-29T05:06:35.965+0000] {processor.py:183} INFO - Processing /opt/airflow/dags/maio_dag.py took 0.230 seconds
[2024-07-29T05:07:06.212+0000] {processor.py:161} INFO - Started process (PID=300) to work on /opt/airflow/dags/maio_dag.py
[2024-07-29T05:07:06.213+0000] {processor.py:830} INFO - Processing file /opt/airflow/dags/maio_dag.py for tasks to queue
[2024-07-29T05:07:06.215+0000] {logging_mixin.py:188} INFO - [2024-07-29T05:07:06.215+0000] {dagbag.py:545} INFO - Filling up the DagBag from /opt/airflow/dags/maio_dag.py
[2024-07-29T05:07:06.233+0000] {processor.py:840} INFO - DAG(s) 'welcome_dag' retrieved from /opt/airflow/dags/maio_dag.py
[2024-07-29T05:07:06.242+0000] {logging_mixin.py:188} INFO - [2024-07-29T05:07:06.241+0000] {dag.py:3089} INFO - Sync 1 DAGs
[2024-07-29T05:07:06.261+0000] {logging_mixin.py:188} INFO - [2024-07-29T05:07:06.260+0000] {dag.py:3947} INFO - Setting next_dagrun for welcome_dag to 2024-07-28 23:00:00+00:00, run_after=2024-07-29 23:00:00+00:00
[2024-07-29T05:07:06.458+0000] {processor.py:183} INFO - Processing /opt/airflow/dags/maio_dag.py took 0.251 seconds
[2024-07-29T05:07:36.689+0000] {processor.py:161} INFO - Started process (PID=302) to work on /opt/airflow/dags/maio_dag.py
[2024-07-29T05:07:36.690+0000] {processor.py:830} INFO - Processing file /opt/airflow/dags/maio_dag.py for tasks to queue
[2024-07-29T05:07:36.691+0000] {logging_mixin.py:188} INFO - [2024-07-29T05:07:36.691+0000] {dagbag.py:545} INFO - Filling up the DagBag from /opt/airflow/dags/maio_dag.py
[2024-07-29T05:07:36.710+0000] {processor.py:840} INFO - DAG(s) 'welcome_dag' retrieved from /opt/airflow/dags/maio_dag.py
[2024-07-29T05:07:36.803+0000] {logging_mixin.py:188} INFO - [2024-07-29T05:07:36.802+0000] {dag.py:3089} INFO - Sync 1 DAGs
[2024-07-29T05:07:36.819+0000] {logging_mixin.py:188} INFO - [2024-07-29T05:07:36.819+0000] {dag.py:3947} INFO - Setting next_dagrun for welcome_dag to 2024-07-28 23:00:00+00:00, run_after=2024-07-29 23:00:00+00:00
[2024-07-29T05:07:36.987+0000] {processor.py:183} INFO - Processing /opt/airflow/dags/maio_dag.py took 0.301 seconds
[2024-07-29T05:08:07.271+0000] {processor.py:161} INFO - Started process (PID=304) to work on /opt/airflow/dags/maio_dag.py
[2024-07-29T05:08:07.272+0000] {processor.py:830} INFO - Processing file /opt/airflow/dags/maio_dag.py for tasks to queue
[2024-07-29T05:08:07.273+0000] {logging_mixin.py:188} INFO - [2024-07-29T05:08:07.273+0000] {dagbag.py:545} INFO - Filling up the DagBag from /opt/airflow/dags/maio_dag.py
[2024-07-29T05:08:07.291+0000] {processor.py:840} INFO - DAG(s) 'welcome_dag' retrieved from /opt/airflow/dags/maio_dag.py
[2024-07-29T05:08:07.316+0000] {logging_mixin.py:188} INFO - [2024-07-29T05:08:07.316+0000] {dag.py:3089} INFO - Sync 1 DAGs
[2024-07-29T05:08:07.335+0000] {logging_mixin.py:188} INFO - [2024-07-29T05:08:07.335+0000] {dag.py:3947} INFO - Setting next_dagrun for welcome_dag to 2024-07-28 23:00:00+00:00, run_after=2024-07-29 23:00:00+00:00
[2024-07-29T05:08:07.498+0000] {processor.py:183} INFO - Processing /opt/airflow/dags/maio_dag.py took 0.231 seconds
[2024-07-29T05:08:37.751+0000] {processor.py:161} INFO - Started process (PID=306) to work on /opt/airflow/dags/maio_dag.py
[2024-07-29T05:08:37.752+0000] {processor.py:830} INFO - Processing file /opt/airflow/dags/maio_dag.py for tasks to queue
[2024-07-29T05:08:37.753+0000] {logging_mixin.py:188} INFO - [2024-07-29T05:08:37.753+0000] {dagbag.py:545} INFO - Filling up the DagBag from /opt/airflow/dags/maio_dag.py
[2024-07-29T05:08:37.770+0000] {processor.py:840} INFO - DAG(s) 'welcome_dag' retrieved from /opt/airflow/dags/maio_dag.py
[2024-07-29T05:08:37.778+0000] {logging_mixin.py:188} INFO - [2024-07-29T05:08:37.778+0000] {dag.py:3089} INFO - Sync 1 DAGs
[2024-07-29T05:08:37.797+0000] {logging_mixin.py:188} INFO - [2024-07-29T05:08:37.796+0000] {dag.py:3947} INFO - Setting next_dagrun for welcome_dag to 2024-07-28 23:00:00+00:00, run_after=2024-07-29 23:00:00+00:00
[2024-07-29T05:08:37.950+0000] {processor.py:183} INFO - Processing /opt/airflow/dags/maio_dag.py took 0.203 seconds
[2024-07-29T05:09:08.383+0000] {processor.py:161} INFO - Started process (PID=308) to work on /opt/airflow/dags/maio_dag.py
[2024-07-29T05:09:08.384+0000] {processor.py:830} INFO - Processing file /opt/airflow/dags/maio_dag.py for tasks to queue
[2024-07-29T05:09:08.386+0000] {logging_mixin.py:188} INFO - [2024-07-29T05:09:08.385+0000] {dagbag.py:545} INFO - Filling up the DagBag from /opt/airflow/dags/maio_dag.py
[2024-07-29T05:09:08.409+0000] {processor.py:840} INFO - DAG(s) 'welcome_dag' retrieved from /opt/airflow/dags/maio_dag.py
[2024-07-29T05:09:08.513+0000] {logging_mixin.py:188} INFO - [2024-07-29T05:09:08.513+0000] {dag.py:3089} INFO - Sync 1 DAGs
[2024-07-29T05:09:08.533+0000] {logging_mixin.py:188} INFO - [2024-07-29T05:09:08.533+0000] {dag.py:3947} INFO - Setting next_dagrun for welcome_dag to 2024-07-28 23:00:00+00:00, run_after=2024-07-29 23:00:00+00:00
[2024-07-29T05:09:08.721+0000] {processor.py:183} INFO - Processing /opt/airflow/dags/maio_dag.py took 0.342 seconds
[2024-07-29T05:09:39.065+0000] {processor.py:161} INFO - Started process (PID=310) to work on /opt/airflow/dags/maio_dag.py
[2024-07-29T05:09:39.066+0000] {processor.py:830} INFO - Processing file /opt/airflow/dags/maio_dag.py for tasks to queue
[2024-07-29T05:09:39.068+0000] {logging_mixin.py:188} INFO - [2024-07-29T05:09:39.068+0000] {dagbag.py:545} INFO - Filling up the DagBag from /opt/airflow/dags/maio_dag.py
[2024-07-29T05:09:39.088+0000] {processor.py:840} INFO - DAG(s) 'welcome_dag' retrieved from /opt/airflow/dags/maio_dag.py
[2024-07-29T05:09:39.111+0000] {logging_mixin.py:188} INFO - [2024-07-29T05:09:39.110+0000] {dag.py:3089} INFO - Sync 1 DAGs
[2024-07-29T05:09:39.128+0000] {logging_mixin.py:188} INFO - [2024-07-29T05:09:39.128+0000] {dag.py:3947} INFO - Setting next_dagrun for welcome_dag to 2024-07-28 23:00:00+00:00, run_after=2024-07-29 23:00:00+00:00
[2024-07-29T05:09:39.292+0000] {processor.py:183} INFO - Processing /opt/airflow/dags/maio_dag.py took 0.230 seconds
[2024-07-29T05:10:09.511+0000] {processor.py:161} INFO - Started process (PID=312) to work on /opt/airflow/dags/maio_dag.py
[2024-07-29T05:10:09.512+0000] {processor.py:830} INFO - Processing file /opt/airflow/dags/maio_dag.py for tasks to queue
[2024-07-29T05:10:09.513+0000] {logging_mixin.py:188} INFO - [2024-07-29T05:10:09.513+0000] {dagbag.py:545} INFO - Filling up the DagBag from /opt/airflow/dags/maio_dag.py
[2024-07-29T05:10:09.530+0000] {processor.py:840} INFO - DAG(s) 'welcome_dag' retrieved from /opt/airflow/dags/maio_dag.py
[2024-07-29T05:10:09.539+0000] {logging_mixin.py:188} INFO - [2024-07-29T05:10:09.539+0000] {dag.py:3089} INFO - Sync 1 DAGs
[2024-07-29T05:10:09.557+0000] {logging_mixin.py:188} INFO - [2024-07-29T05:10:09.557+0000] {dag.py:3947} INFO - Setting next_dagrun for welcome_dag to 2024-07-28 23:00:00+00:00, run_after=2024-07-29 23:00:00+00:00
[2024-07-29T05:10:09.711+0000] {processor.py:183} INFO - Processing /opt/airflow/dags/maio_dag.py took 0.204 seconds
[2024-07-29T05:10:39.986+0000] {processor.py:161} INFO - Started process (PID=314) to work on /opt/airflow/dags/maio_dag.py
[2024-07-29T05:10:39.986+0000] {processor.py:830} INFO - Processing file /opt/airflow/dags/maio_dag.py for tasks to queue
[2024-07-29T05:10:39.988+0000] {logging_mixin.py:188} INFO - [2024-07-29T05:10:39.987+0000] {dagbag.py:545} INFO - Filling up the DagBag from /opt/airflow/dags/maio_dag.py
[2024-07-29T05:10:40.007+0000] {processor.py:840} INFO - DAG(s) 'welcome_dag' retrieved from /opt/airflow/dags/maio_dag.py
[2024-07-29T05:10:40.097+0000] {logging_mixin.py:188} INFO - [2024-07-29T05:10:40.097+0000] {dag.py:3089} INFO - Sync 1 DAGs
[2024-07-29T05:10:40.115+0000] {logging_mixin.py:188} INFO - [2024-07-29T05:10:40.114+0000] {dag.py:3947} INFO - Setting next_dagrun for welcome_dag to 2024-07-28 23:00:00+00:00, run_after=2024-07-29 23:00:00+00:00
[2024-07-29T05:10:40.278+0000] {processor.py:183} INFO - Processing /opt/airflow/dags/maio_dag.py took 0.296 seconds
[2024-07-29T05:11:10.464+0000] {processor.py:161} INFO - Started process (PID=316) to work on /opt/airflow/dags/maio_dag.py
[2024-07-29T05:11:10.465+0000] {processor.py:830} INFO - Processing file /opt/airflow/dags/maio_dag.py for tasks to queue
[2024-07-29T05:11:10.466+0000] {logging_mixin.py:188} INFO - [2024-07-29T05:11:10.466+0000] {dagbag.py:545} INFO - Filling up the DagBag from /opt/airflow/dags/maio_dag.py
[2024-07-29T05:11:10.484+0000] {processor.py:840} INFO - DAG(s) 'welcome_dag' retrieved from /opt/airflow/dags/maio_dag.py
[2024-07-29T05:11:10.506+0000] {logging_mixin.py:188} INFO - [2024-07-29T05:11:10.506+0000] {dag.py:3089} INFO - Sync 1 DAGs
[2024-07-29T05:11:10.526+0000] {logging_mixin.py:188} INFO - [2024-07-29T05:11:10.525+0000] {dag.py:3947} INFO - Setting next_dagrun for welcome_dag to 2024-07-28 23:00:00+00:00, run_after=2024-07-29 23:00:00+00:00
[2024-07-29T05:11:10.650+0000] {processor.py:183} INFO - Processing /opt/airflow/dags/maio_dag.py took 0.190 seconds
[2024-07-29T05:11:40.859+0000] {processor.py:161} INFO - Started process (PID=318) to work on /opt/airflow/dags/maio_dag.py
[2024-07-29T05:11:40.859+0000] {processor.py:830} INFO - Processing file /opt/airflow/dags/maio_dag.py for tasks to queue
[2024-07-29T05:11:40.860+0000] {logging_mixin.py:188} INFO - [2024-07-29T05:11:40.860+0000] {dagbag.py:545} INFO - Filling up the DagBag from /opt/airflow/dags/maio_dag.py
[2024-07-29T05:11:40.878+0000] {processor.py:840} INFO - DAG(s) 'welcome_dag' retrieved from /opt/airflow/dags/maio_dag.py
[2024-07-29T05:11:40.886+0000] {logging_mixin.py:188} INFO - [2024-07-29T05:11:40.886+0000] {dag.py:3089} INFO - Sync 1 DAGs
[2024-07-29T05:11:40.904+0000] {logging_mixin.py:188} INFO - [2024-07-29T05:11:40.904+0000] {dag.py:3947} INFO - Setting next_dagrun for welcome_dag to 2024-07-28 23:00:00+00:00, run_after=2024-07-29 23:00:00+00:00
[2024-07-29T05:11:41.052+0000] {processor.py:183} INFO - Processing /opt/airflow/dags/maio_dag.py took 0.197 seconds
[2024-07-29T05:12:11.337+0000] {processor.py:161} INFO - Started process (PID=320) to work on /opt/airflow/dags/maio_dag.py
[2024-07-29T05:12:11.338+0000] {processor.py:830} INFO - Processing file /opt/airflow/dags/maio_dag.py for tasks to queue
[2024-07-29T05:12:11.339+0000] {logging_mixin.py:188} INFO - [2024-07-29T05:12:11.339+0000] {dagbag.py:545} INFO - Filling up the DagBag from /opt/airflow/dags/maio_dag.py
[2024-07-29T05:12:11.357+0000] {processor.py:840} INFO - DAG(s) 'welcome_dag' retrieved from /opt/airflow/dags/maio_dag.py
[2024-07-29T05:12:11.450+0000] {logging_mixin.py:188} INFO - [2024-07-29T05:12:11.450+0000] {dag.py:3089} INFO - Sync 1 DAGs
[2024-07-29T05:12:11.467+0000] {logging_mixin.py:188} INFO - [2024-07-29T05:12:11.466+0000] {dag.py:3947} INFO - Setting next_dagrun for welcome_dag to 2024-07-28 23:00:00+00:00, run_after=2024-07-29 23:00:00+00:00
[2024-07-29T05:12:11.660+0000] {processor.py:183} INFO - Processing /opt/airflow/dags/maio_dag.py took 0.326 seconds
[2024-07-29T05:12:42.085+0000] {processor.py:161} INFO - Started process (PID=322) to work on /opt/airflow/dags/maio_dag.py
[2024-07-29T05:12:42.086+0000] {processor.py:830} INFO - Processing file /opt/airflow/dags/maio_dag.py for tasks to queue
[2024-07-29T05:12:42.087+0000] {logging_mixin.py:188} INFO - [2024-07-29T05:12:42.087+0000] {dagbag.py:545} INFO - Filling up the DagBag from /opt/airflow/dags/maio_dag.py
[2024-07-29T05:12:42.105+0000] {processor.py:840} INFO - DAG(s) 'welcome_dag' retrieved from /opt/airflow/dags/maio_dag.py
[2024-07-29T05:12:42.127+0000] {logging_mixin.py:188} INFO - [2024-07-29T05:12:42.127+0000] {dag.py:3089} INFO - Sync 1 DAGs
[2024-07-29T05:12:42.147+0000] {logging_mixin.py:188} INFO - [2024-07-29T05:12:42.146+0000] {dag.py:3947} INFO - Setting next_dagrun for welcome_dag to 2024-07-28 23:00:00+00:00, run_after=2024-07-29 23:00:00+00:00
[2024-07-29T05:12:42.297+0000] {processor.py:183} INFO - Processing /opt/airflow/dags/maio_dag.py took 0.216 seconds
[2024-07-29T05:13:12.834+0000] {processor.py:161} INFO - Started process (PID=324) to work on /opt/airflow/dags/maio_dag.py
[2024-07-29T05:13:12.835+0000] {processor.py:830} INFO - Processing file /opt/airflow/dags/maio_dag.py for tasks to queue
[2024-07-29T05:13:12.836+0000] {logging_mixin.py:188} INFO - [2024-07-29T05:13:12.836+0000] {dagbag.py:545} INFO - Filling up the DagBag from /opt/airflow/dags/maio_dag.py
[2024-07-29T05:13:12.853+0000] {processor.py:840} INFO - DAG(s) 'welcome_dag' retrieved from /opt/airflow/dags/maio_dag.py
[2024-07-29T05:13:12.861+0000] {logging_mixin.py:188} INFO - [2024-07-29T05:13:12.861+0000] {dag.py:3089} INFO - Sync 1 DAGs
[2024-07-29T05:13:12.880+0000] {logging_mixin.py:188} INFO - [2024-07-29T05:13:12.880+0000] {dag.py:3947} INFO - Setting next_dagrun for welcome_dag to 2024-07-28 23:00:00+00:00, run_after=2024-07-29 23:00:00+00:00
[2024-07-29T05:13:13.037+0000] {processor.py:183} INFO - Processing /opt/airflow/dags/maio_dag.py took 0.207 seconds
[2024-07-29T05:13:43.305+0000] {processor.py:161} INFO - Started process (PID=326) to work on /opt/airflow/dags/maio_dag.py
[2024-07-29T05:13:43.306+0000] {processor.py:830} INFO - Processing file /opt/airflow/dags/maio_dag.py for tasks to queue
[2024-07-29T05:13:43.308+0000] {logging_mixin.py:188} INFO - [2024-07-29T05:13:43.307+0000] {dagbag.py:545} INFO - Filling up the DagBag from /opt/airflow/dags/maio_dag.py
[2024-07-29T05:13:43.325+0000] {processor.py:840} INFO - DAG(s) 'welcome_dag' retrieved from /opt/airflow/dags/maio_dag.py
[2024-07-29T05:13:43.413+0000] {logging_mixin.py:188} INFO - [2024-07-29T05:13:43.412+0000] {dag.py:3089} INFO - Sync 1 DAGs
[2024-07-29T05:13:43.429+0000] {logging_mixin.py:188} INFO - [2024-07-29T05:13:43.429+0000] {dag.py:3947} INFO - Setting next_dagrun for welcome_dag to 2024-07-28 23:00:00+00:00, run_after=2024-07-29 23:00:00+00:00
[2024-07-29T05:13:43.630+0000] {processor.py:183} INFO - Processing /opt/airflow/dags/maio_dag.py took 0.328 seconds
[2024-07-29T05:14:13.887+0000] {processor.py:161} INFO - Started process (PID=328) to work on /opt/airflow/dags/maio_dag.py
[2024-07-29T05:14:13.888+0000] {processor.py:830} INFO - Processing file /opt/airflow/dags/maio_dag.py for tasks to queue
[2024-07-29T05:14:13.889+0000] {logging_mixin.py:188} INFO - [2024-07-29T05:14:13.889+0000] {dagbag.py:545} INFO - Filling up the DagBag from /opt/airflow/dags/maio_dag.py
[2024-07-29T05:14:13.906+0000] {processor.py:840} INFO - DAG(s) 'welcome_dag' retrieved from /opt/airflow/dags/maio_dag.py
[2024-07-29T05:14:13.927+0000] {logging_mixin.py:188} INFO - [2024-07-29T05:14:13.927+0000] {dag.py:3089} INFO - Sync 1 DAGs
[2024-07-29T05:14:13.945+0000] {logging_mixin.py:188} INFO - [2024-07-29T05:14:13.945+0000] {dag.py:3947} INFO - Setting next_dagrun for welcome_dag to 2024-07-28 23:00:00+00:00, run_after=2024-07-29 23:00:00+00:00
[2024-07-29T05:14:14.102+0000] {processor.py:183} INFO - Processing /opt/airflow/dags/maio_dag.py took 0.218 seconds
[2024-07-29T05:14:44.370+0000] {processor.py:161} INFO - Started process (PID=330) to work on /opt/airflow/dags/maio_dag.py
[2024-07-29T05:14:44.371+0000] {processor.py:830} INFO - Processing file /opt/airflow/dags/maio_dag.py for tasks to queue
[2024-07-29T05:14:44.373+0000] {logging_mixin.py:188} INFO - [2024-07-29T05:14:44.373+0000] {dagbag.py:545} INFO - Filling up the DagBag from /opt/airflow/dags/maio_dag.py
[2024-07-29T05:14:44.391+0000] {processor.py:840} INFO - DAG(s) 'welcome_dag' retrieved from /opt/airflow/dags/maio_dag.py
[2024-07-29T05:14:44.399+0000] {logging_mixin.py:188} INFO - [2024-07-29T05:14:44.399+0000] {dag.py:3089} INFO - Sync 1 DAGs
[2024-07-29T05:14:44.418+0000] {logging_mixin.py:188} INFO - [2024-07-29T05:14:44.418+0000] {dag.py:3947} INFO - Setting next_dagrun for welcome_dag to 2024-07-28 23:00:00+00:00, run_after=2024-07-29 23:00:00+00:00
[2024-07-29T05:14:44.598+0000] {processor.py:183} INFO - Processing /opt/airflow/dags/maio_dag.py took 0.232 seconds
[2024-07-29T05:15:14.848+0000] {processor.py:161} INFO - Started process (PID=332) to work on /opt/airflow/dags/maio_dag.py
[2024-07-29T05:15:14.849+0000] {processor.py:830} INFO - Processing file /opt/airflow/dags/maio_dag.py for tasks to queue
[2024-07-29T05:15:14.850+0000] {logging_mixin.py:188} INFO - [2024-07-29T05:15:14.850+0000] {dagbag.py:545} INFO - Filling up the DagBag from /opt/airflow/dags/maio_dag.py
[2024-07-29T05:15:14.868+0000] {processor.py:840} INFO - DAG(s) 'welcome_dag' retrieved from /opt/airflow/dags/maio_dag.py
[2024-07-29T05:15:14.956+0000] {logging_mixin.py:188} INFO - [2024-07-29T05:15:14.955+0000] {dag.py:3089} INFO - Sync 1 DAGs
[2024-07-29T05:15:14.973+0000] {logging_mixin.py:188} INFO - [2024-07-29T05:15:14.973+0000] {dag.py:3947} INFO - Setting next_dagrun for welcome_dag to 2024-07-28 23:00:00+00:00, run_after=2024-07-29 23:00:00+00:00
[2024-07-29T05:15:15.121+0000] {processor.py:183} INFO - Processing /opt/airflow/dags/maio_dag.py took 0.276 seconds
[2024-07-29T05:15:45.379+0000] {processor.py:161} INFO - Started process (PID=334) to work on /opt/airflow/dags/maio_dag.py
[2024-07-29T05:15:45.380+0000] {processor.py:830} INFO - Processing file /opt/airflow/dags/maio_dag.py for tasks to queue
[2024-07-29T05:15:45.382+0000] {logging_mixin.py:188} INFO - [2024-07-29T05:15:45.381+0000] {dagbag.py:545} INFO - Filling up the DagBag from /opt/airflow/dags/maio_dag.py
[2024-07-29T05:15:45.400+0000] {processor.py:840} INFO - DAG(s) 'welcome_dag' retrieved from /opt/airflow/dags/maio_dag.py
[2024-07-29T05:15:45.421+0000] {logging_mixin.py:188} INFO - [2024-07-29T05:15:45.421+0000] {dag.py:3089} INFO - Sync 1 DAGs
[2024-07-29T05:15:45.439+0000] {logging_mixin.py:188} INFO - [2024-07-29T05:15:45.439+0000] {dag.py:3947} INFO - Setting next_dagrun for welcome_dag to 2024-07-28 23:00:00+00:00, run_after=2024-07-29 23:00:00+00:00
[2024-07-29T05:15:45.577+0000] {processor.py:183} INFO - Processing /opt/airflow/dags/maio_dag.py took 0.202 seconds
[2024-07-29T05:16:15.911+0000] {processor.py:161} INFO - Started process (PID=336) to work on /opt/airflow/dags/maio_dag.py
[2024-07-29T05:16:15.912+0000] {processor.py:830} INFO - Processing file /opt/airflow/dags/maio_dag.py for tasks to queue
[2024-07-29T05:16:15.914+0000] {logging_mixin.py:188} INFO - [2024-07-29T05:16:15.913+0000] {dagbag.py:545} INFO - Filling up the DagBag from /opt/airflow/dags/maio_dag.py
[2024-07-29T05:16:15.930+0000] {processor.py:840} INFO - DAG(s) 'welcome_dag' retrieved from /opt/airflow/dags/maio_dag.py
[2024-07-29T05:16:15.939+0000] {logging_mixin.py:188} INFO - [2024-07-29T05:16:15.939+0000] {dag.py:3089} INFO - Sync 1 DAGs
[2024-07-29T05:16:15.958+0000] {logging_mixin.py:188} INFO - [2024-07-29T05:16:15.957+0000] {dag.py:3947} INFO - Setting next_dagrun for welcome_dag to 2024-07-28 23:00:00+00:00, run_after=2024-07-29 23:00:00+00:00
[2024-07-29T05:16:16.132+0000] {processor.py:183} INFO - Processing /opt/airflow/dags/maio_dag.py took 0.225 seconds
[2024-07-29T05:16:46.415+0000] {processor.py:161} INFO - Started process (PID=338) to work on /opt/airflow/dags/maio_dag.py
[2024-07-29T05:16:46.415+0000] {processor.py:830} INFO - Processing file /opt/airflow/dags/maio_dag.py for tasks to queue
[2024-07-29T05:16:46.417+0000] {logging_mixin.py:188} INFO - [2024-07-29T05:16:46.416+0000] {dagbag.py:545} INFO - Filling up the DagBag from /opt/airflow/dags/maio_dag.py
[2024-07-29T05:16:46.434+0000] {processor.py:840} INFO - DAG(s) 'welcome_dag' retrieved from /opt/airflow/dags/maio_dag.py
[2024-07-29T05:16:46.524+0000] {logging_mixin.py:188} INFO - [2024-07-29T05:16:46.524+0000] {dag.py:3089} INFO - Sync 1 DAGs
[2024-07-29T05:16:46.541+0000] {logging_mixin.py:188} INFO - [2024-07-29T05:16:46.541+0000] {dag.py:3947} INFO - Setting next_dagrun for welcome_dag to 2024-07-28 23:00:00+00:00, run_after=2024-07-29 23:00:00+00:00
[2024-07-29T05:16:46.715+0000] {processor.py:183} INFO - Processing /opt/airflow/dags/maio_dag.py took 0.304 seconds
[2024-07-29T05:17:17.129+0000] {processor.py:161} INFO - Started process (PID=340) to work on /opt/airflow/dags/maio_dag.py
[2024-07-29T05:17:17.129+0000] {processor.py:830} INFO - Processing file /opt/airflow/dags/maio_dag.py for tasks to queue
[2024-07-29T05:17:17.130+0000] {logging_mixin.py:188} INFO - [2024-07-29T05:17:17.130+0000] {dagbag.py:545} INFO - Filling up the DagBag from /opt/airflow/dags/maio_dag.py
[2024-07-29T05:17:17.147+0000] {processor.py:840} INFO - DAG(s) 'welcome_dag' retrieved from /opt/airflow/dags/maio_dag.py
[2024-07-29T05:17:17.168+0000] {logging_mixin.py:188} INFO - [2024-07-29T05:17:17.168+0000] {dag.py:3089} INFO - Sync 1 DAGs
[2024-07-29T05:17:17.187+0000] {logging_mixin.py:188} INFO - [2024-07-29T05:17:17.187+0000] {dag.py:3947} INFO - Setting next_dagrun for welcome_dag to 2024-07-28 23:00:00+00:00, run_after=2024-07-29 23:00:00+00:00
[2024-07-29T05:17:17.336+0000] {processor.py:183} INFO - Processing /opt/airflow/dags/maio_dag.py took 0.211 seconds
[2024-07-29T05:17:25.951+0000] {processor.py:161} INFO - Started process (PID=342) to work on /opt/airflow/dags/maio_dag.py
[2024-07-29T05:17:25.952+0000] {processor.py:830} INFO - Processing file /opt/airflow/dags/maio_dag.py for tasks to queue
[2024-07-29T05:17:25.953+0000] {logging_mixin.py:188} INFO - [2024-07-29T05:17:25.953+0000] {dagbag.py:545} INFO - Filling up the DagBag from /opt/airflow/dags/maio_dag.py
[2024-07-29T05:17:25.978+0000] {processor.py:840} INFO - DAG(s) 'teste_maio' retrieved from /opt/airflow/dags/maio_dag.py
[2024-07-29T05:17:26.379+0000] {logging_mixin.py:188} INFO - [2024-07-29T05:17:26.378+0000] {override.py:1858} INFO - Created Permission View: can edit on DAG:teste_maio
[2024-07-29T05:17:26.524+0000] {logging_mixin.py:188} INFO - [2024-07-29T05:17:26.523+0000] {override.py:1858} INFO - Created Permission View: can delete on DAG:teste_maio
[2024-07-29T05:17:26.632+0000] {logging_mixin.py:188} INFO - [2024-07-29T05:17:26.632+0000] {override.py:1858} INFO - Created Permission View: can read on DAG:teste_maio
[2024-07-29T05:17:26.633+0000] {logging_mixin.py:188} INFO - [2024-07-29T05:17:26.633+0000] {dag.py:3089} INFO - Sync 1 DAGs
[2024-07-29T05:17:26.645+0000] {logging_mixin.py:188} INFO - [2024-07-29T05:17:26.644+0000] {dag.py:3111} INFO - Creating ORM DAG for teste_maio
[2024-07-29T05:17:26.654+0000] {logging_mixin.py:188} INFO - [2024-07-29T05:17:26.653+0000] {dag.py:3947} INFO - Setting next_dagrun for teste_maio to 2024-07-28 23:00:00+00:00, run_after=2024-07-29 23:00:00+00:00
[2024-07-29T05:17:26.905+0000] {processor.py:183} INFO - Processing /opt/airflow/dags/maio_dag.py took 0.959 seconds
[2024-07-29T05:17:53.419+0000] {processor.py:161} INFO - Started process (PID=344) to work on /opt/airflow/dags/maio_dag.py
[2024-07-29T05:17:53.420+0000] {processor.py:830} INFO - Processing file /opt/airflow/dags/maio_dag.py for tasks to queue
[2024-07-29T05:17:53.422+0000] {logging_mixin.py:188} INFO - [2024-07-29T05:17:53.421+0000] {dagbag.py:545} INFO - Filling up the DagBag from /opt/airflow/dags/maio_dag.py
[2024-07-29T05:17:53.444+0000] {processor.py:840} INFO - DAG(s) 'teste_maio' retrieved from /opt/airflow/dags/maio_dag.py
[2024-07-29T05:17:53.454+0000] {logging_mixin.py:188} INFO - [2024-07-29T05:17:53.453+0000] {dag.py:3089} INFO - Sync 1 DAGs
[2024-07-29T05:17:53.473+0000] {logging_mixin.py:188} INFO - [2024-07-29T05:17:53.473+0000] {dag.py:3947} INFO - Setting next_dagrun for teste_maio to 2024-07-28 23:00:00+00:00, run_after=2024-07-29 23:00:00+00:00
[2024-07-29T05:17:53.635+0000] {processor.py:183} INFO - Processing /opt/airflow/dags/maio_dag.py took 0.220 seconds
[2024-07-29T05:18:24.525+0000] {processor.py:161} INFO - Started process (PID=346) to work on /opt/airflow/dags/maio_dag.py
[2024-07-29T05:18:24.525+0000] {processor.py:830} INFO - Processing file /opt/airflow/dags/maio_dag.py for tasks to queue
[2024-07-29T05:18:24.526+0000] {logging_mixin.py:188} INFO - [2024-07-29T05:18:24.526+0000] {dagbag.py:545} INFO - Filling up the DagBag from /opt/airflow/dags/maio_dag.py
[2024-07-29T05:18:24.543+0000] {processor.py:840} INFO - DAG(s) 'teste_maio' retrieved from /opt/airflow/dags/maio_dag.py
[2024-07-29T05:18:24.565+0000] {logging_mixin.py:188} INFO - [2024-07-29T05:18:24.564+0000] {dag.py:3089} INFO - Sync 1 DAGs
[2024-07-29T05:18:24.582+0000] {logging_mixin.py:188} INFO - [2024-07-29T05:18:24.582+0000] {dag.py:3947} INFO - Setting next_dagrun for teste_maio to 2024-07-28 23:00:00+00:00, run_after=2024-07-29 23:00:00+00:00
[2024-07-29T05:18:24.763+0000] {processor.py:183} INFO - Processing /opt/airflow/dags/maio_dag.py took 0.244 seconds
[2024-07-29T05:18:54.921+0000] {processor.py:161} INFO - Started process (PID=348) to work on /opt/airflow/dags/maio_dag.py
[2024-07-29T05:18:54.922+0000] {processor.py:830} INFO - Processing file /opt/airflow/dags/maio_dag.py for tasks to queue
[2024-07-29T05:18:54.923+0000] {logging_mixin.py:188} INFO - [2024-07-29T05:18:54.923+0000] {dagbag.py:545} INFO - Filling up the DagBag from /opt/airflow/dags/maio_dag.py
[2024-07-29T05:18:54.940+0000] {processor.py:840} INFO - DAG(s) 'teste_maio' retrieved from /opt/airflow/dags/maio_dag.py
[2024-07-29T05:18:54.962+0000] {logging_mixin.py:188} INFO - [2024-07-29T05:18:54.962+0000] {dag.py:3089} INFO - Sync 1 DAGs
[2024-07-29T05:18:54.982+0000] {logging_mixin.py:188} INFO - [2024-07-29T05:18:54.981+0000] {dag.py:3947} INFO - Setting next_dagrun for teste_maio to 2024-07-28 23:00:00+00:00, run_after=2024-07-29 23:00:00+00:00
[2024-07-29T05:18:55.173+0000] {processor.py:183} INFO - Processing /opt/airflow/dags/maio_dag.py took 0.256 seconds
[2024-07-29T05:19:25.557+0000] {processor.py:161} INFO - Started process (PID=350) to work on /opt/airflow/dags/maio_dag.py
[2024-07-29T05:19:25.558+0000] {processor.py:830} INFO - Processing file /opt/airflow/dags/maio_dag.py for tasks to queue
[2024-07-29T05:19:25.559+0000] {logging_mixin.py:188} INFO - [2024-07-29T05:19:25.559+0000] {dagbag.py:545} INFO - Filling up the DagBag from /opt/airflow/dags/maio_dag.py
[2024-07-29T05:19:25.577+0000] {processor.py:840} INFO - DAG(s) 'teste_maio' retrieved from /opt/airflow/dags/maio_dag.py
[2024-07-29T05:19:25.598+0000] {logging_mixin.py:188} INFO - [2024-07-29T05:19:25.598+0000] {dag.py:3089} INFO - Sync 1 DAGs
[2024-07-29T05:19:25.615+0000] {logging_mixin.py:188} INFO - [2024-07-29T05:19:25.615+0000] {dag.py:3947} INFO - Setting next_dagrun for teste_maio to 2024-07-28 23:00:00+00:00, run_after=2024-07-29 23:00:00+00:00
[2024-07-29T05:19:25.767+0000] {processor.py:183} INFO - Processing /opt/airflow/dags/maio_dag.py took 0.214 seconds
[2024-07-29T05:19:56.026+0000] {processor.py:161} INFO - Started process (PID=352) to work on /opt/airflow/dags/maio_dag.py
[2024-07-29T05:19:56.027+0000] {processor.py:830} INFO - Processing file /opt/airflow/dags/maio_dag.py for tasks to queue
[2024-07-29T05:19:56.028+0000] {logging_mixin.py:188} INFO - [2024-07-29T05:19:56.028+0000] {dagbag.py:545} INFO - Filling up the DagBag from /opt/airflow/dags/maio_dag.py
[2024-07-29T05:19:56.046+0000] {processor.py:840} INFO - DAG(s) 'teste_maio' retrieved from /opt/airflow/dags/maio_dag.py
[2024-07-29T05:19:56.068+0000] {logging_mixin.py:188} INFO - [2024-07-29T05:19:56.067+0000] {dag.py:3089} INFO - Sync 1 DAGs
[2024-07-29T05:19:56.086+0000] {logging_mixin.py:188} INFO - [2024-07-29T05:19:56.086+0000] {dag.py:3947} INFO - Setting next_dagrun for teste_maio to 2024-07-28 23:00:00+00:00, run_after=2024-07-29 23:00:00+00:00
[2024-07-29T05:19:56.228+0000] {processor.py:183} INFO - Processing /opt/airflow/dags/maio_dag.py took 0.206 seconds
[2024-07-29T05:20:27.216+0000] {processor.py:161} INFO - Started process (PID=354) to work on /opt/airflow/dags/maio_dag.py
[2024-07-29T05:20:27.217+0000] {processor.py:830} INFO - Processing file /opt/airflow/dags/maio_dag.py for tasks to queue
[2024-07-29T05:20:27.218+0000] {logging_mixin.py:188} INFO - [2024-07-29T05:20:27.218+0000] {dagbag.py:545} INFO - Filling up the DagBag from /opt/airflow/dags/maio_dag.py
[2024-07-29T05:20:27.235+0000] {processor.py:840} INFO - DAG(s) 'teste_maio' retrieved from /opt/airflow/dags/maio_dag.py
[2024-07-29T05:20:27.256+0000] {logging_mixin.py:188} INFO - [2024-07-29T05:20:27.256+0000] {dag.py:3089} INFO - Sync 1 DAGs
[2024-07-29T05:20:27.274+0000] {logging_mixin.py:188} INFO - [2024-07-29T05:20:27.274+0000] {dag.py:3947} INFO - Setting next_dagrun for teste_maio to 2024-07-28 23:00:00+00:00, run_after=2024-07-29 23:00:00+00:00
[2024-07-29T05:20:27.448+0000] {processor.py:183} INFO - Processing /opt/airflow/dags/maio_dag.py took 0.235 seconds
[2024-07-29T05:20:58.409+0000] {processor.py:161} INFO - Started process (PID=356) to work on /opt/airflow/dags/maio_dag.py
[2024-07-29T05:20:58.410+0000] {processor.py:830} INFO - Processing file /opt/airflow/dags/maio_dag.py for tasks to queue
[2024-07-29T05:20:58.415+0000] {logging_mixin.py:188} INFO - [2024-07-29T05:20:58.414+0000] {dagbag.py:545} INFO - Filling up the DagBag from /opt/airflow/dags/maio_dag.py
[2024-07-29T05:20:58.436+0000] {processor.py:840} INFO - DAG(s) 'teste_maio' retrieved from /opt/airflow/dags/maio_dag.py
[2024-07-29T05:20:58.461+0000] {logging_mixin.py:188} INFO - [2024-07-29T05:20:58.460+0000] {dag.py:3089} INFO - Sync 1 DAGs
[2024-07-29T05:20:58.482+0000] {logging_mixin.py:188} INFO - [2024-07-29T05:20:58.482+0000] {dag.py:3947} INFO - Setting next_dagrun for teste_maio to 2024-07-28 23:00:00+00:00, run_after=2024-07-29 23:00:00+00:00
[2024-07-29T05:20:58.783+0000] {processor.py:183} INFO - Processing /opt/airflow/dags/maio_dag.py took 0.378 seconds
[2024-07-29T05:21:29.003+0000] {processor.py:161} INFO - Started process (PID=358) to work on /opt/airflow/dags/maio_dag.py
[2024-07-29T05:21:29.004+0000] {processor.py:830} INFO - Processing file /opt/airflow/dags/maio_dag.py for tasks to queue
[2024-07-29T05:21:29.006+0000] {logging_mixin.py:188} INFO - [2024-07-29T05:21:29.005+0000] {dagbag.py:545} INFO - Filling up the DagBag from /opt/airflow/dags/maio_dag.py
[2024-07-29T05:21:29.026+0000] {processor.py:840} INFO - DAG(s) 'teste_maio' retrieved from /opt/airflow/dags/maio_dag.py
[2024-07-29T05:21:29.049+0000] {logging_mixin.py:188} INFO - [2024-07-29T05:21:29.049+0000] {dag.py:3089} INFO - Sync 1 DAGs
[2024-07-29T05:21:29.069+0000] {logging_mixin.py:188} INFO - [2024-07-29T05:21:29.068+0000] {dag.py:3947} INFO - Setting next_dagrun for teste_maio to 2024-07-28 23:00:00+00:00, run_after=2024-07-29 23:00:00+00:00
[2024-07-29T05:21:29.231+0000] {processor.py:183} INFO - Processing /opt/airflow/dags/maio_dag.py took 0.233 seconds
[2024-07-29T05:21:59.438+0000] {processor.py:161} INFO - Started process (PID=360) to work on /opt/airflow/dags/maio_dag.py
[2024-07-29T05:21:59.439+0000] {processor.py:830} INFO - Processing file /opt/airflow/dags/maio_dag.py for tasks to queue
[2024-07-29T05:21:59.440+0000] {logging_mixin.py:188} INFO - [2024-07-29T05:21:59.440+0000] {dagbag.py:545} INFO - Filling up the DagBag from /opt/airflow/dags/maio_dag.py
[2024-07-29T05:21:59.457+0000] {processor.py:840} INFO - DAG(s) 'teste_maio' retrieved from /opt/airflow/dags/maio_dag.py
[2024-07-29T05:21:59.478+0000] {logging_mixin.py:188} INFO - [2024-07-29T05:21:59.477+0000] {dag.py:3089} INFO - Sync 1 DAGs
[2024-07-29T05:21:59.496+0000] {logging_mixin.py:188} INFO - [2024-07-29T05:21:59.496+0000] {dag.py:3947} INFO - Setting next_dagrun for teste_maio to 2024-07-28 23:00:00+00:00, run_after=2024-07-29 23:00:00+00:00
[2024-07-29T05:21:59.696+0000] {processor.py:183} INFO - Processing /opt/airflow/dags/maio_dag.py took 0.262 seconds
[2024-07-29T05:22:30.046+0000] {processor.py:161} INFO - Started process (PID=362) to work on /opt/airflow/dags/maio_dag.py
[2024-07-29T05:22:30.046+0000] {processor.py:830} INFO - Processing file /opt/airflow/dags/maio_dag.py for tasks to queue
[2024-07-29T05:22:30.048+0000] {logging_mixin.py:188} INFO - [2024-07-29T05:22:30.048+0000] {dagbag.py:545} INFO - Filling up the DagBag from /opt/airflow/dags/maio_dag.py
[2024-07-29T05:22:30.066+0000] {processor.py:840} INFO - DAG(s) 'teste_maio' retrieved from /opt/airflow/dags/maio_dag.py
[2024-07-29T05:22:30.087+0000] {logging_mixin.py:188} INFO - [2024-07-29T05:22:30.087+0000] {dag.py:3089} INFO - Sync 1 DAGs
[2024-07-29T05:22:30.106+0000] {logging_mixin.py:188} INFO - [2024-07-29T05:22:30.105+0000] {dag.py:3947} INFO - Setting next_dagrun for teste_maio to 2024-07-28 23:00:00+00:00, run_after=2024-07-29 23:00:00+00:00
[2024-07-29T05:22:30.260+0000] {processor.py:183} INFO - Processing /opt/airflow/dags/maio_dag.py took 0.219 seconds
[2024-07-29T05:23:00.562+0000] {processor.py:161} INFO - Started process (PID=364) to work on /opt/airflow/dags/maio_dag.py
[2024-07-29T05:23:00.563+0000] {processor.py:830} INFO - Processing file /opt/airflow/dags/maio_dag.py for tasks to queue
[2024-07-29T05:23:00.564+0000] {logging_mixin.py:188} INFO - [2024-07-29T05:23:00.564+0000] {dagbag.py:545} INFO - Filling up the DagBag from /opt/airflow/dags/maio_dag.py
[2024-07-29T05:23:00.581+0000] {processor.py:840} INFO - DAG(s) 'teste_maio' retrieved from /opt/airflow/dags/maio_dag.py
[2024-07-29T05:23:00.602+0000] {logging_mixin.py:188} INFO - [2024-07-29T05:23:00.602+0000] {dag.py:3089} INFO - Sync 1 DAGs
[2024-07-29T05:23:00.623+0000] {logging_mixin.py:188} INFO - [2024-07-29T05:23:00.623+0000] {dag.py:3947} INFO - Setting next_dagrun for teste_maio to 2024-07-28 23:00:00+00:00, run_after=2024-07-29 23:00:00+00:00
[2024-07-29T05:23:00.756+0000] {processor.py:183} INFO - Processing /opt/airflow/dags/maio_dag.py took 0.198 seconds
[2024-07-29T05:23:31.183+0000] {processor.py:161} INFO - Started process (PID=366) to work on /opt/airflow/dags/maio_dag.py
[2024-07-29T05:23:31.183+0000] {processor.py:830} INFO - Processing file /opt/airflow/dags/maio_dag.py for tasks to queue
[2024-07-29T05:23:31.185+0000] {logging_mixin.py:188} INFO - [2024-07-29T05:23:31.184+0000] {dagbag.py:545} INFO - Filling up the DagBag from /opt/airflow/dags/maio_dag.py
[2024-07-29T05:23:31.201+0000] {processor.py:840} INFO - DAG(s) 'teste_maio' retrieved from /opt/airflow/dags/maio_dag.py
[2024-07-29T05:23:31.224+0000] {logging_mixin.py:188} INFO - [2024-07-29T05:23:31.224+0000] {dag.py:3089} INFO - Sync 1 DAGs
[2024-07-29T05:23:31.242+0000] {logging_mixin.py:188} INFO - [2024-07-29T05:23:31.242+0000] {dag.py:3947} INFO - Setting next_dagrun for teste_maio to 2024-07-28 23:00:00+00:00, run_after=2024-07-29 23:00:00+00:00
[2024-07-29T05:23:31.419+0000] {processor.py:183} INFO - Processing /opt/airflow/dags/maio_dag.py took 0.240 seconds
[2024-07-29T05:24:01.660+0000] {processor.py:161} INFO - Started process (PID=368) to work on /opt/airflow/dags/maio_dag.py
[2024-07-29T05:24:01.661+0000] {processor.py:830} INFO - Processing file /opt/airflow/dags/maio_dag.py for tasks to queue
[2024-07-29T05:24:01.662+0000] {logging_mixin.py:188} INFO - [2024-07-29T05:24:01.662+0000] {dagbag.py:545} INFO - Filling up the DagBag from /opt/airflow/dags/maio_dag.py
[2024-07-29T05:24:01.680+0000] {processor.py:840} INFO - DAG(s) 'teste_maio' retrieved from /opt/airflow/dags/maio_dag.py
[2024-07-29T05:24:01.704+0000] {logging_mixin.py:188} INFO - [2024-07-29T05:24:01.704+0000] {dag.py:3089} INFO - Sync 1 DAGs
[2024-07-29T05:24:01.725+0000] {logging_mixin.py:188} INFO - [2024-07-29T05:24:01.724+0000] {dag.py:3947} INFO - Setting next_dagrun for teste_maio to 2024-07-28 23:00:00+00:00, run_after=2024-07-29 23:00:00+00:00
[2024-07-29T05:24:01.899+0000] {processor.py:183} INFO - Processing /opt/airflow/dags/maio_dag.py took 0.243 seconds
[2024-07-29T05:24:32.123+0000] {processor.py:161} INFO - Started process (PID=370) to work on /opt/airflow/dags/maio_dag.py
[2024-07-29T05:24:32.123+0000] {processor.py:830} INFO - Processing file /opt/airflow/dags/maio_dag.py for tasks to queue
[2024-07-29T05:24:32.125+0000] {logging_mixin.py:188} INFO - [2024-07-29T05:24:32.124+0000] {dagbag.py:545} INFO - Filling up the DagBag from /opt/airflow/dags/maio_dag.py
[2024-07-29T05:24:32.141+0000] {processor.py:840} INFO - DAG(s) 'teste_maio' retrieved from /opt/airflow/dags/maio_dag.py
[2024-07-29T05:24:32.162+0000] {logging_mixin.py:188} INFO - [2024-07-29T05:24:32.162+0000] {dag.py:3089} INFO - Sync 1 DAGs
[2024-07-29T05:24:32.181+0000] {logging_mixin.py:188} INFO - [2024-07-29T05:24:32.180+0000] {dag.py:3947} INFO - Setting next_dagrun for teste_maio to 2024-07-28 23:00:00+00:00, run_after=2024-07-29 23:00:00+00:00
[2024-07-29T05:24:32.337+0000] {processor.py:183} INFO - Processing /opt/airflow/dags/maio_dag.py took 0.218 seconds
[2024-07-29T05:25:02.604+0000] {processor.py:161} INFO - Started process (PID=372) to work on /opt/airflow/dags/maio_dag.py
[2024-07-29T05:25:02.606+0000] {processor.py:830} INFO - Processing file /opt/airflow/dags/maio_dag.py for tasks to queue
[2024-07-29T05:25:02.609+0000] {logging_mixin.py:188} INFO - [2024-07-29T05:25:02.608+0000] {dagbag.py:545} INFO - Filling up the DagBag from /opt/airflow/dags/maio_dag.py
[2024-07-29T05:25:02.627+0000] {processor.py:840} INFO - DAG(s) 'teste_maio' retrieved from /opt/airflow/dags/maio_dag.py
[2024-07-29T05:25:02.654+0000] {logging_mixin.py:188} INFO - [2024-07-29T05:25:02.654+0000] {dag.py:3089} INFO - Sync 1 DAGs
[2024-07-29T05:25:02.678+0000] {logging_mixin.py:188} INFO - [2024-07-29T05:25:02.678+0000] {dag.py:3947} INFO - Setting next_dagrun for teste_maio to 2024-07-28 23:00:00+00:00, run_after=2024-07-29 23:00:00+00:00
[2024-07-29T05:25:02.849+0000] {processor.py:183} INFO - Processing /opt/airflow/dags/maio_dag.py took 0.253 seconds
[2024-07-29T05:25:49.965+0000] {processor.py:161} INFO - Started process (PID=390) to work on /opt/airflow/dags/maio_dag.py
[2024-07-29T05:25:49.966+0000] {processor.py:830} INFO - Processing file /opt/airflow/dags/maio_dag.py for tasks to queue
[2024-07-29T05:25:49.967+0000] {logging_mixin.py:188} INFO - [2024-07-29T05:25:49.967+0000] {dagbag.py:545} INFO - Filling up the DagBag from /opt/airflow/dags/maio_dag.py
[2024-07-29T05:25:49.985+0000] {processor.py:840} INFO - DAG(s) 'teste_maio' retrieved from /opt/airflow/dags/maio_dag.py
[2024-07-29T05:25:50.136+0000] {logging_mixin.py:188} INFO - [2024-07-29T05:25:50.135+0000] {dag.py:3089} INFO - Sync 1 DAGs
[2024-07-29T05:25:50.155+0000] {logging_mixin.py:188} INFO - [2024-07-29T05:25:50.154+0000] {dag.py:3947} INFO - Setting next_dagrun for teste_maio to 2024-07-28 23:00:00+00:00, run_after=2024-07-29 23:00:00+00:00
[2024-07-29T05:25:50.295+0000] {processor.py:183} INFO - Processing /opt/airflow/dags/maio_dag.py took 0.334 seconds
[2024-07-29T05:26:20.885+0000] {processor.py:161} INFO - Started process (PID=392) to work on /opt/airflow/dags/maio_dag.py
[2024-07-29T05:26:20.886+0000] {processor.py:830} INFO - Processing file /opt/airflow/dags/maio_dag.py for tasks to queue
[2024-07-29T05:26:20.888+0000] {logging_mixin.py:188} INFO - [2024-07-29T05:26:20.887+0000] {dagbag.py:545} INFO - Filling up the DagBag from /opt/airflow/dags/maio_dag.py
[2024-07-29T05:26:20.905+0000] {processor.py:840} INFO - DAG(s) 'teste_maio' retrieved from /opt/airflow/dags/maio_dag.py
[2024-07-29T05:26:20.926+0000] {logging_mixin.py:188} INFO - [2024-07-29T05:26:20.926+0000] {dag.py:3089} INFO - Sync 1 DAGs
[2024-07-29T05:26:20.944+0000] {logging_mixin.py:188} INFO - [2024-07-29T05:26:20.944+0000] {dag.py:3947} INFO - Setting next_dagrun for teste_maio to 2024-07-28 23:00:00+00:00, run_after=2024-07-29 23:00:00+00:00
[2024-07-29T05:26:21.108+0000] {processor.py:183} INFO - Processing /opt/airflow/dags/maio_dag.py took 0.226 seconds
[2024-07-29T05:26:51.232+0000] {processor.py:161} INFO - Started process (PID=394) to work on /opt/airflow/dags/maio_dag.py
[2024-07-29T05:26:51.233+0000] {processor.py:830} INFO - Processing file /opt/airflow/dags/maio_dag.py for tasks to queue
[2024-07-29T05:26:51.234+0000] {logging_mixin.py:188} INFO - [2024-07-29T05:26:51.234+0000] {dagbag.py:545} INFO - Filling up the DagBag from /opt/airflow/dags/maio_dag.py
[2024-07-29T05:26:51.255+0000] {processor.py:840} INFO - DAG(s) 'teste_maio' retrieved from /opt/airflow/dags/maio_dag.py
[2024-07-29T05:26:51.278+0000] {logging_mixin.py:188} INFO - [2024-07-29T05:26:51.278+0000] {dag.py:3089} INFO - Sync 1 DAGs
[2024-07-29T05:26:51.297+0000] {logging_mixin.py:188} INFO - [2024-07-29T05:26:51.297+0000] {dag.py:3947} INFO - Setting next_dagrun for teste_maio to 2024-07-28 23:00:00+00:00, run_after=2024-07-29 23:00:00+00:00
[2024-07-29T05:26:51.453+0000] {processor.py:183} INFO - Processing /opt/airflow/dags/maio_dag.py took 0.225 seconds
[2024-07-29T05:27:22.449+0000] {processor.py:161} INFO - Started process (PID=396) to work on /opt/airflow/dags/maio_dag.py
[2024-07-29T05:27:22.450+0000] {processor.py:830} INFO - Processing file /opt/airflow/dags/maio_dag.py for tasks to queue
[2024-07-29T05:27:22.451+0000] {logging_mixin.py:188} INFO - [2024-07-29T05:27:22.451+0000] {dagbag.py:545} INFO - Filling up the DagBag from /opt/airflow/dags/maio_dag.py
[2024-07-29T05:27:22.470+0000] {processor.py:840} INFO - DAG(s) 'teste_maio' retrieved from /opt/airflow/dags/maio_dag.py
[2024-07-29T05:27:22.505+0000] {logging_mixin.py:188} INFO - [2024-07-29T05:27:22.505+0000] {dag.py:3089} INFO - Sync 1 DAGs
[2024-07-29T05:27:22.531+0000] {logging_mixin.py:188} INFO - [2024-07-29T05:27:22.531+0000] {dag.py:3947} INFO - Setting next_dagrun for teste_maio to 2024-07-28 23:00:00+00:00, run_after=2024-07-29 23:00:00+00:00
[2024-07-29T05:27:22.682+0000] {processor.py:183} INFO - Processing /opt/airflow/dags/maio_dag.py took 0.237 seconds
[2024-07-29T05:27:53.723+0000] {processor.py:161} INFO - Started process (PID=398) to work on /opt/airflow/dags/maio_dag.py
[2024-07-29T05:27:53.724+0000] {processor.py:830} INFO - Processing file /opt/airflow/dags/maio_dag.py for tasks to queue
[2024-07-29T05:27:53.725+0000] {logging_mixin.py:188} INFO - [2024-07-29T05:27:53.725+0000] {dagbag.py:545} INFO - Filling up the DagBag from /opt/airflow/dags/maio_dag.py
[2024-07-29T05:27:53.744+0000] {processor.py:840} INFO - DAG(s) 'teste_maio' retrieved from /opt/airflow/dags/maio_dag.py
[2024-07-29T05:27:53.766+0000] {logging_mixin.py:188} INFO - [2024-07-29T05:27:53.765+0000] {dag.py:3089} INFO - Sync 1 DAGs
[2024-07-29T05:27:53.784+0000] {logging_mixin.py:188} INFO - [2024-07-29T05:27:53.784+0000] {dag.py:3947} INFO - Setting next_dagrun for teste_maio to 2024-07-28 23:00:00+00:00, run_after=2024-07-29 23:00:00+00:00
[2024-07-29T05:27:53.934+0000] {processor.py:183} INFO - Processing /opt/airflow/dags/maio_dag.py took 0.215 seconds
[2024-07-29T05:28:24.226+0000] {processor.py:161} INFO - Started process (PID=400) to work on /opt/airflow/dags/maio_dag.py
[2024-07-29T05:28:24.227+0000] {processor.py:830} INFO - Processing file /opt/airflow/dags/maio_dag.py for tasks to queue
[2024-07-29T05:28:24.229+0000] {logging_mixin.py:188} INFO - [2024-07-29T05:28:24.228+0000] {dagbag.py:545} INFO - Filling up the DagBag from /opt/airflow/dags/maio_dag.py
[2024-07-29T05:28:24.248+0000] {processor.py:840} INFO - DAG(s) 'teste_maio' retrieved from /opt/airflow/dags/maio_dag.py
[2024-07-29T05:28:24.269+0000] {logging_mixin.py:188} INFO - [2024-07-29T05:28:24.269+0000] {dag.py:3089} INFO - Sync 1 DAGs
[2024-07-29T05:28:24.287+0000] {logging_mixin.py:188} INFO - [2024-07-29T05:28:24.287+0000] {dag.py:3947} INFO - Setting next_dagrun for teste_maio to 2024-07-28 23:00:00+00:00, run_after=2024-07-29 23:00:00+00:00
[2024-07-29T05:28:24.445+0000] {processor.py:183} INFO - Processing /opt/airflow/dags/maio_dag.py took 0.224 seconds
[2024-07-29T05:28:50.096+0000] {processor.py:161} INFO - Started process (PID=402) to work on /opt/airflow/dags/maio_dag.py
[2024-07-29T05:28:50.096+0000] {processor.py:830} INFO - Processing file /opt/airflow/dags/maio_dag.py for tasks to queue
[2024-07-29T05:28:50.098+0000] {logging_mixin.py:188} INFO - [2024-07-29T05:28:50.098+0000] {dagbag.py:545} INFO - Filling up the DagBag from /opt/airflow/dags/maio_dag.py
[2024-07-29T05:28:50.123+0000] {processor.py:840} INFO - DAG(s) 'teste_maio' retrieved from /opt/airflow/dags/maio_dag.py
[2024-07-29T05:28:50.147+0000] {logging_mixin.py:188} INFO - [2024-07-29T05:28:50.146+0000] {dag.py:3089} INFO - Sync 1 DAGs
[2024-07-29T05:28:50.165+0000] {logging_mixin.py:188} INFO - [2024-07-29T05:28:50.165+0000] {dag.py:3947} INFO - Setting next_dagrun for teste_maio to 2024-07-28 23:00:00+00:00, run_after=2024-07-29 23:00:00+00:00
[2024-07-29T05:28:50.291+0000] {processor.py:183} INFO - Processing /opt/airflow/dags/maio_dag.py took 0.200 seconds
[2024-07-29T05:29:38.333+0000] {processor.py:161} INFO - Started process (PID=421) to work on /opt/airflow/dags/maio_dag.py
[2024-07-29T05:29:38.334+0000] {processor.py:830} INFO - Processing file /opt/airflow/dags/maio_dag.py for tasks to queue
[2024-07-29T05:29:38.335+0000] {logging_mixin.py:188} INFO - [2024-07-29T05:29:38.335+0000] {dagbag.py:545} INFO - Filling up the DagBag from /opt/airflow/dags/maio_dag.py
[2024-07-29T05:29:38.352+0000] {processor.py:840} INFO - DAG(s) 'teste_maio' retrieved from /opt/airflow/dags/maio_dag.py
[2024-07-29T05:29:38.374+0000] {logging_mixin.py:188} INFO - [2024-07-29T05:29:38.374+0000] {dag.py:3089} INFO - Sync 1 DAGs
[2024-07-29T05:29:38.392+0000] {logging_mixin.py:188} INFO - [2024-07-29T05:29:38.392+0000] {dag.py:3947} INFO - Setting next_dagrun for teste_maio to 2024-07-28 23:00:00+00:00, run_after=2024-07-29 23:00:00+00:00
[2024-07-29T05:29:38.502+0000] {processor.py:183} INFO - Processing /opt/airflow/dags/maio_dag.py took 0.173 seconds
[2024-07-29T05:30:08.577+0000] {processor.py:161} INFO - Started process (PID=423) to work on /opt/airflow/dags/maio_dag.py
[2024-07-29T05:30:08.578+0000] {processor.py:830} INFO - Processing file /opt/airflow/dags/maio_dag.py for tasks to queue
[2024-07-29T05:30:08.579+0000] {logging_mixin.py:188} INFO - [2024-07-29T05:30:08.579+0000] {dagbag.py:545} INFO - Filling up the DagBag from /opt/airflow/dags/maio_dag.py
[2024-07-29T05:30:08.603+0000] {processor.py:840} INFO - DAG(s) 'teste_maio' retrieved from /opt/airflow/dags/maio_dag.py
[2024-07-29T05:30:08.629+0000] {logging_mixin.py:188} INFO - [2024-07-29T05:30:08.629+0000] {dag.py:3089} INFO - Sync 1 DAGs
[2024-07-29T05:30:08.647+0000] {logging_mixin.py:188} INFO - [2024-07-29T05:30:08.647+0000] {dag.py:3947} INFO - Setting next_dagrun for teste_maio to 2024-07-28 23:00:00+00:00, run_after=2024-07-29 23:00:00+00:00
[2024-07-29T05:30:08.939+0000] {processor.py:183} INFO - Processing /opt/airflow/dags/maio_dag.py took 0.366 seconds
[2024-07-29T05:30:39.265+0000] {processor.py:161} INFO - Started process (PID=425) to work on /opt/airflow/dags/maio_dag.py
[2024-07-29T05:30:39.266+0000] {processor.py:830} INFO - Processing file /opt/airflow/dags/maio_dag.py for tasks to queue
[2024-07-29T05:30:39.267+0000] {logging_mixin.py:188} INFO - [2024-07-29T05:30:39.267+0000] {dagbag.py:545} INFO - Filling up the DagBag from /opt/airflow/dags/maio_dag.py
[2024-07-29T05:30:39.284+0000] {processor.py:840} INFO - DAG(s) 'teste_maio' retrieved from /opt/airflow/dags/maio_dag.py
[2024-07-29T05:30:39.305+0000] {logging_mixin.py:188} INFO - [2024-07-29T05:30:39.305+0000] {dag.py:3089} INFO - Sync 1 DAGs
[2024-07-29T05:30:39.323+0000] {logging_mixin.py:188} INFO - [2024-07-29T05:30:39.323+0000] {dag.py:3947} INFO - Setting next_dagrun for teste_maio to 2024-07-28 23:00:00+00:00, run_after=2024-07-29 23:00:00+00:00
[2024-07-29T05:30:39.484+0000] {processor.py:183} INFO - Processing /opt/airflow/dags/maio_dag.py took 0.223 seconds
[2024-07-29T05:30:53.553+0000] {processor.py:161} INFO - Started process (PID=427) to work on /opt/airflow/dags/maio_dag.py
[2024-07-29T05:30:53.554+0000] {processor.py:830} INFO - Processing file /opt/airflow/dags/maio_dag.py for tasks to queue
[2024-07-29T05:30:53.555+0000] {logging_mixin.py:188} INFO - [2024-07-29T05:30:53.555+0000] {dagbag.py:545} INFO - Filling up the DagBag from /opt/airflow/dags/maio_dag.py
[2024-07-29T05:30:53.581+0000] {processor.py:840} INFO - DAG(s) 'teste_maio' retrieved from /opt/airflow/dags/maio_dag.py
[2024-07-29T05:30:53.606+0000] {logging_mixin.py:188} INFO - [2024-07-29T05:30:53.606+0000] {dag.py:3089} INFO - Sync 1 DAGs
[2024-07-29T05:30:53.626+0000] {logging_mixin.py:188} INFO - [2024-07-29T05:30:53.626+0000] {dag.py:3947} INFO - Setting next_dagrun for teste_maio to 2024-07-28 23:00:00+00:00, run_after=2024-07-29 23:00:00+00:00
[2024-07-29T05:30:53.829+0000] {processor.py:183} INFO - Processing /opt/airflow/dags/maio_dag.py took 0.280 seconds
[2024-07-29T05:31:19.611+0000] {processor.py:161} INFO - Started process (PID=429) to work on /opt/airflow/dags/maio_dag.py
[2024-07-29T05:31:19.612+0000] {processor.py:830} INFO - Processing file /opt/airflow/dags/maio_dag.py for tasks to queue
[2024-07-29T05:31:19.613+0000] {logging_mixin.py:188} INFO - [2024-07-29T05:31:19.613+0000] {dagbag.py:545} INFO - Filling up the DagBag from /opt/airflow/dags/maio_dag.py
[2024-07-29T05:31:19.637+0000] {processor.py:840} INFO - DAG(s) 'teste_maio' retrieved from /opt/airflow/dags/maio_dag.py
[2024-07-29T05:31:19.661+0000] {logging_mixin.py:188} INFO - [2024-07-29T05:31:19.661+0000] {dag.py:3089} INFO - Sync 1 DAGs
[2024-07-29T05:31:19.683+0000] {logging_mixin.py:188} INFO - [2024-07-29T05:31:19.682+0000] {dag.py:3947} INFO - Setting next_dagrun for teste_maio to 2024-07-28 23:00:00+00:00, run_after=2024-07-29 23:00:00+00:00
[2024-07-29T05:31:19.813+0000] {processor.py:183} INFO - Processing /opt/airflow/dags/maio_dag.py took 0.206 seconds
[2024-07-29T05:31:50.095+0000] {processor.py:161} INFO - Started process (PID=431) to work on /opt/airflow/dags/maio_dag.py
[2024-07-29T05:31:50.096+0000] {processor.py:830} INFO - Processing file /opt/airflow/dags/maio_dag.py for tasks to queue
[2024-07-29T05:31:50.097+0000] {logging_mixin.py:188} INFO - [2024-07-29T05:31:50.097+0000] {dagbag.py:545} INFO - Filling up the DagBag from /opt/airflow/dags/maio_dag.py
[2024-07-29T05:31:50.114+0000] {processor.py:840} INFO - DAG(s) 'teste_maio' retrieved from /opt/airflow/dags/maio_dag.py
[2024-07-29T05:31:50.136+0000] {logging_mixin.py:188} INFO - [2024-07-29T05:31:50.136+0000] {dag.py:3089} INFO - Sync 1 DAGs
[2024-07-29T05:31:50.154+0000] {logging_mixin.py:188} INFO - [2024-07-29T05:31:50.154+0000] {dag.py:3947} INFO - Setting next_dagrun for teste_maio to 2024-07-28 23:00:00+00:00, run_after=2024-07-29 23:00:00+00:00
[2024-07-29T05:31:50.266+0000] {processor.py:183} INFO - Processing /opt/airflow/dags/maio_dag.py took 0.175 seconds
