[2024-07-29T04:46:04.079+0000] {processor.py:161} INFO - Started process (PID=103) to work on /opt/airflow/dags/welcome_dag.py
[2024-07-29T04:46:04.080+0000] {processor.py:830} INFO - Processing file /opt/airflow/dags/welcome_dag.py for tasks to queue
[2024-07-29T04:46:04.082+0000] {logging_mixin.py:188} INFO - [2024-07-29T04:46:04.082+0000] {dagbag.py:545} INFO - Filling up the DagBag from /opt/airflow/dags/welcome_dag.py
[2024-07-29T04:46:04.134+0000] {processor.py:840} INFO - DAG(s) 'welcome_dag' retrieved from /opt/airflow/dags/welcome_dag.py
[2024-07-29T04:46:04.489+0000] {logging_mixin.py:188} INFO - [2024-07-29T04:46:04.489+0000] {override.py:1858} INFO - Created Permission View: can edit on DAG:welcome_dag
[2024-07-29T04:46:04.581+0000] {logging_mixin.py:188} INFO - [2024-07-29T04:46:04.581+0000] {override.py:1858} INFO - Created Permission View: can delete on DAG:welcome_dag
[2024-07-29T04:46:04.681+0000] {logging_mixin.py:188} INFO - [2024-07-29T04:46:04.681+0000] {override.py:1858} INFO - Created Permission View: can read on DAG:welcome_dag
[2024-07-29T04:46:04.682+0000] {logging_mixin.py:188} INFO - [2024-07-29T04:46:04.682+0000] {dag.py:3089} INFO - Sync 1 DAGs
[2024-07-29T04:46:04.696+0000] {logging_mixin.py:188} INFO - [2024-07-29T04:46:04.695+0000] {dag.py:3111} INFO - Creating ORM DAG for welcome_dag
[2024-07-29T04:46:04.707+0000] {logging_mixin.py:188} INFO - [2024-07-29T04:46:04.707+0000] {dag.py:3947} INFO - Setting next_dagrun for welcome_dag to 2024-07-28 23:00:00+00:00, run_after=2024-07-29 23:00:00+00:00
[2024-07-29T04:46:04.852+0000] {processor.py:183} INFO - Processing /opt/airflow/dags/welcome_dag.py took 0.778 seconds
[2024-07-29T04:46:35.929+0000] {processor.py:161} INFO - Started process (PID=104) to work on /opt/airflow/dags/welcome_dag.py
[2024-07-29T04:46:35.930+0000] {processor.py:830} INFO - Processing file /opt/airflow/dags/welcome_dag.py for tasks to queue
[2024-07-29T04:46:35.932+0000] {logging_mixin.py:188} INFO - [2024-07-29T04:46:35.931+0000] {dagbag.py:545} INFO - Filling up the DagBag from /opt/airflow/dags/welcome_dag.py
[2024-07-29T04:46:35.950+0000] {processor.py:840} INFO - DAG(s) 'welcome_dag' retrieved from /opt/airflow/dags/welcome_dag.py
[2024-07-29T04:46:35.975+0000] {logging_mixin.py:188} INFO - [2024-07-29T04:46:35.975+0000] {dag.py:3089} INFO - Sync 1 DAGs
[2024-07-29T04:46:35.994+0000] {logging_mixin.py:188} INFO - [2024-07-29T04:46:35.994+0000] {dag.py:3947} INFO - Setting next_dagrun for welcome_dag to 2024-07-28 23:00:00+00:00, run_after=2024-07-29 23:00:00+00:00
[2024-07-29T04:46:36.160+0000] {processor.py:183} INFO - Processing /opt/airflow/dags/welcome_dag.py took 0.235 seconds
[2024-07-29T04:47:06.948+0000] {processor.py:161} INFO - Started process (PID=105) to work on /opt/airflow/dags/welcome_dag.py
[2024-07-29T04:47:06.948+0000] {processor.py:830} INFO - Processing file /opt/airflow/dags/welcome_dag.py for tasks to queue
[2024-07-29T04:47:06.950+0000] {logging_mixin.py:188} INFO - [2024-07-29T04:47:06.949+0000] {dagbag.py:545} INFO - Filling up the DagBag from /opt/airflow/dags/welcome_dag.py
[2024-07-29T04:47:06.968+0000] {processor.py:840} INFO - DAG(s) 'welcome_dag' retrieved from /opt/airflow/dags/welcome_dag.py
[2024-07-29T04:47:07.118+0000] {logging_mixin.py:188} INFO - [2024-07-29T04:47:07.118+0000] {dag.py:3089} INFO - Sync 1 DAGs
[2024-07-29T04:47:07.137+0000] {logging_mixin.py:188} INFO - [2024-07-29T04:47:07.137+0000] {dag.py:3947} INFO - Setting next_dagrun for welcome_dag to 2024-07-28 23:00:00+00:00, run_after=2024-07-29 23:00:00+00:00
[2024-07-29T04:47:07.264+0000] {processor.py:183} INFO - Processing /opt/airflow/dags/welcome_dag.py took 0.320 seconds
[2024-07-29T04:47:37.843+0000] {processor.py:161} INFO - Started process (PID=106) to work on /opt/airflow/dags/welcome_dag.py
[2024-07-29T04:47:37.843+0000] {processor.py:830} INFO - Processing file /opt/airflow/dags/welcome_dag.py for tasks to queue
[2024-07-29T04:47:37.845+0000] {logging_mixin.py:188} INFO - [2024-07-29T04:47:37.844+0000] {dagbag.py:545} INFO - Filling up the DagBag from /opt/airflow/dags/welcome_dag.py
[2024-07-29T04:47:37.862+0000] {processor.py:840} INFO - DAG(s) 'welcome_dag' retrieved from /opt/airflow/dags/welcome_dag.py
[2024-07-29T04:47:37.884+0000] {logging_mixin.py:188} INFO - [2024-07-29T04:47:37.884+0000] {dag.py:3089} INFO - Sync 1 DAGs
[2024-07-29T04:47:37.903+0000] {logging_mixin.py:188} INFO - [2024-07-29T04:47:37.903+0000] {dag.py:3947} INFO - Setting next_dagrun for welcome_dag to 2024-07-28 23:00:00+00:00, run_after=2024-07-29 23:00:00+00:00
[2024-07-29T04:47:38.062+0000] {processor.py:183} INFO - Processing /opt/airflow/dags/welcome_dag.py took 0.223 seconds
[2024-07-29T04:48:08.956+0000] {processor.py:161} INFO - Started process (PID=107) to work on /opt/airflow/dags/welcome_dag.py
[2024-07-29T04:48:08.957+0000] {processor.py:830} INFO - Processing file /opt/airflow/dags/welcome_dag.py for tasks to queue
[2024-07-29T04:48:08.959+0000] {logging_mixin.py:188} INFO - [2024-07-29T04:48:08.959+0000] {dagbag.py:545} INFO - Filling up the DagBag from /opt/airflow/dags/welcome_dag.py
[2024-07-29T04:48:08.977+0000] {processor.py:840} INFO - DAG(s) 'welcome_dag' retrieved from /opt/airflow/dags/welcome_dag.py
[2024-07-29T04:48:09.002+0000] {logging_mixin.py:188} INFO - [2024-07-29T04:48:09.001+0000] {dag.py:3089} INFO - Sync 1 DAGs
[2024-07-29T04:48:09.021+0000] {logging_mixin.py:188} INFO - [2024-07-29T04:48:09.021+0000] {dag.py:3947} INFO - Setting next_dagrun for welcome_dag to 2024-07-28 23:00:00+00:00, run_after=2024-07-29 23:00:00+00:00
[2024-07-29T04:48:09.160+0000] {processor.py:183} INFO - Processing /opt/airflow/dags/welcome_dag.py took 0.208 seconds
[2024-07-29T04:48:40.091+0000] {processor.py:161} INFO - Started process (PID=108) to work on /opt/airflow/dags/welcome_dag.py
[2024-07-29T04:48:40.092+0000] {processor.py:830} INFO - Processing file /opt/airflow/dags/welcome_dag.py for tasks to queue
[2024-07-29T04:48:40.093+0000] {logging_mixin.py:188} INFO - [2024-07-29T04:48:40.093+0000] {dagbag.py:545} INFO - Filling up the DagBag from /opt/airflow/dags/welcome_dag.py
[2024-07-29T04:48:40.111+0000] {processor.py:840} INFO - DAG(s) 'welcome_dag' retrieved from /opt/airflow/dags/welcome_dag.py
[2024-07-29T04:48:40.132+0000] {logging_mixin.py:188} INFO - [2024-07-29T04:48:40.132+0000] {dag.py:3089} INFO - Sync 1 DAGs
[2024-07-29T04:48:40.150+0000] {logging_mixin.py:188} INFO - [2024-07-29T04:48:40.150+0000] {dag.py:3947} INFO - Setting next_dagrun for welcome_dag to 2024-07-28 23:00:00+00:00, run_after=2024-07-29 23:00:00+00:00
[2024-07-29T04:48:40.307+0000] {processor.py:183} INFO - Processing /opt/airflow/dags/welcome_dag.py took 0.219 seconds
[2024-07-29T04:49:11.016+0000] {processor.py:161} INFO - Started process (PID=109) to work on /opt/airflow/dags/welcome_dag.py
[2024-07-29T04:49:11.017+0000] {processor.py:830} INFO - Processing file /opt/airflow/dags/welcome_dag.py for tasks to queue
[2024-07-29T04:49:11.018+0000] {logging_mixin.py:188} INFO - [2024-07-29T04:49:11.018+0000] {dagbag.py:545} INFO - Filling up the DagBag from /opt/airflow/dags/welcome_dag.py
[2024-07-29T04:49:11.036+0000] {processor.py:840} INFO - DAG(s) 'welcome_dag' retrieved from /opt/airflow/dags/welcome_dag.py
[2024-07-29T04:49:11.057+0000] {logging_mixin.py:188} INFO - [2024-07-29T04:49:11.057+0000] {dag.py:3089} INFO - Sync 1 DAGs
[2024-07-29T04:49:11.075+0000] {logging_mixin.py:188} INFO - [2024-07-29T04:49:11.074+0000] {dag.py:3947} INFO - Setting next_dagrun for welcome_dag to 2024-07-28 23:00:00+00:00, run_after=2024-07-29 23:00:00+00:00
[2024-07-29T04:49:11.227+0000] {processor.py:183} INFO - Processing /opt/airflow/dags/welcome_dag.py took 0.214 seconds
[2024-07-29T04:49:41.847+0000] {processor.py:161} INFO - Started process (PID=110) to work on /opt/airflow/dags/welcome_dag.py
[2024-07-29T04:49:41.848+0000] {processor.py:830} INFO - Processing file /opt/airflow/dags/welcome_dag.py for tasks to queue
[2024-07-29T04:49:41.850+0000] {logging_mixin.py:188} INFO - [2024-07-29T04:49:41.850+0000] {dagbag.py:545} INFO - Filling up the DagBag from /opt/airflow/dags/welcome_dag.py
[2024-07-29T04:49:41.867+0000] {processor.py:840} INFO - DAG(s) 'welcome_dag' retrieved from /opt/airflow/dags/welcome_dag.py
[2024-07-29T04:49:41.889+0000] {logging_mixin.py:188} INFO - [2024-07-29T04:49:41.889+0000] {dag.py:3089} INFO - Sync 1 DAGs
[2024-07-29T04:49:41.907+0000] {logging_mixin.py:188} INFO - [2024-07-29T04:49:41.906+0000] {dag.py:3947} INFO - Setting next_dagrun for welcome_dag to 2024-07-28 23:00:00+00:00, run_after=2024-07-29 23:00:00+00:00
[2024-07-29T04:49:42.071+0000] {processor.py:183} INFO - Processing /opt/airflow/dags/welcome_dag.py took 0.227 seconds
[2024-07-29T04:50:12.958+0000] {processor.py:161} INFO - Started process (PID=111) to work on /opt/airflow/dags/welcome_dag.py
[2024-07-29T04:50:12.959+0000] {processor.py:830} INFO - Processing file /opt/airflow/dags/welcome_dag.py for tasks to queue
[2024-07-29T04:50:12.960+0000] {logging_mixin.py:188} INFO - [2024-07-29T04:50:12.960+0000] {dagbag.py:545} INFO - Filling up the DagBag from /opt/airflow/dags/welcome_dag.py
[2024-07-29T04:50:12.977+0000] {processor.py:840} INFO - DAG(s) 'welcome_dag' retrieved from /opt/airflow/dags/welcome_dag.py
[2024-07-29T04:50:13.000+0000] {logging_mixin.py:188} INFO - [2024-07-29T04:50:13.000+0000] {dag.py:3089} INFO - Sync 1 DAGs
[2024-07-29T04:50:13.018+0000] {logging_mixin.py:188} INFO - [2024-07-29T04:50:13.018+0000] {dag.py:3947} INFO - Setting next_dagrun for welcome_dag to 2024-07-28 23:00:00+00:00, run_after=2024-07-29 23:00:00+00:00
[2024-07-29T04:50:13.174+0000] {processor.py:183} INFO - Processing /opt/airflow/dags/welcome_dag.py took 0.219 seconds
[2024-07-29T04:50:44.114+0000] {processor.py:161} INFO - Started process (PID=112) to work on /opt/airflow/dags/welcome_dag.py
[2024-07-29T04:50:44.114+0000] {processor.py:830} INFO - Processing file /opt/airflow/dags/welcome_dag.py for tasks to queue
[2024-07-29T04:50:44.116+0000] {logging_mixin.py:188} INFO - [2024-07-29T04:50:44.115+0000] {dagbag.py:545} INFO - Filling up the DagBag from /opt/airflow/dags/welcome_dag.py
[2024-07-29T04:50:44.134+0000] {processor.py:840} INFO - DAG(s) 'welcome_dag' retrieved from /opt/airflow/dags/welcome_dag.py
[2024-07-29T04:50:44.156+0000] {logging_mixin.py:188} INFO - [2024-07-29T04:50:44.156+0000] {dag.py:3089} INFO - Sync 1 DAGs
[2024-07-29T04:50:44.175+0000] {logging_mixin.py:188} INFO - [2024-07-29T04:50:44.175+0000] {dag.py:3947} INFO - Setting next_dagrun for welcome_dag to 2024-07-28 23:00:00+00:00, run_after=2024-07-29 23:00:00+00:00
[2024-07-29T04:50:44.330+0000] {processor.py:183} INFO - Processing /opt/airflow/dags/welcome_dag.py took 0.221 seconds
[2024-07-29T04:51:15.589+0000] {processor.py:161} INFO - Started process (PID=113) to work on /opt/airflow/dags/welcome_dag.py
[2024-07-29T04:51:15.590+0000] {processor.py:830} INFO - Processing file /opt/airflow/dags/welcome_dag.py for tasks to queue
[2024-07-29T04:51:15.591+0000] {logging_mixin.py:188} INFO - [2024-07-29T04:51:15.591+0000] {dagbag.py:545} INFO - Filling up the DagBag from /opt/airflow/dags/welcome_dag.py
[2024-07-29T04:51:15.608+0000] {processor.py:840} INFO - DAG(s) 'welcome_dag' retrieved from /opt/airflow/dags/welcome_dag.py
[2024-07-29T04:51:15.630+0000] {logging_mixin.py:188} INFO - [2024-07-29T04:51:15.630+0000] {dag.py:3089} INFO - Sync 1 DAGs
[2024-07-29T04:51:15.647+0000] {logging_mixin.py:188} INFO - [2024-07-29T04:51:15.647+0000] {dag.py:3947} INFO - Setting next_dagrun for welcome_dag to 2024-07-28 23:00:00+00:00, run_after=2024-07-29 23:00:00+00:00
[2024-07-29T04:51:15.808+0000] {processor.py:183} INFO - Processing /opt/airflow/dags/welcome_dag.py took 0.223 seconds
[2024-07-29T04:51:46.135+0000] {processor.py:161} INFO - Started process (PID=114) to work on /opt/airflow/dags/welcome_dag.py
[2024-07-29T04:51:46.136+0000] {processor.py:830} INFO - Processing file /opt/airflow/dags/welcome_dag.py for tasks to queue
[2024-07-29T04:51:46.137+0000] {logging_mixin.py:188} INFO - [2024-07-29T04:51:46.137+0000] {dagbag.py:545} INFO - Filling up the DagBag from /opt/airflow/dags/welcome_dag.py
[2024-07-29T04:51:46.154+0000] {processor.py:840} INFO - DAG(s) 'welcome_dag' retrieved from /opt/airflow/dags/welcome_dag.py
[2024-07-29T04:51:46.175+0000] {logging_mixin.py:188} INFO - [2024-07-29T04:51:46.175+0000] {dag.py:3089} INFO - Sync 1 DAGs
[2024-07-29T04:51:46.194+0000] {logging_mixin.py:188} INFO - [2024-07-29T04:51:46.193+0000] {dag.py:3947} INFO - Setting next_dagrun for welcome_dag to 2024-07-28 23:00:00+00:00, run_after=2024-07-29 23:00:00+00:00
[2024-07-29T04:51:46.325+0000] {processor.py:183} INFO - Processing /opt/airflow/dags/welcome_dag.py took 0.194 seconds
[2024-07-29T04:52:16.618+0000] {processor.py:161} INFO - Started process (PID=115) to work on /opt/airflow/dags/welcome_dag.py
[2024-07-29T04:52:16.619+0000] {processor.py:830} INFO - Processing file /opt/airflow/dags/welcome_dag.py for tasks to queue
[2024-07-29T04:52:16.620+0000] {logging_mixin.py:188} INFO - [2024-07-29T04:52:16.620+0000] {dagbag.py:545} INFO - Filling up the DagBag from /opt/airflow/dags/welcome_dag.py
[2024-07-29T04:52:16.638+0000] {processor.py:840} INFO - DAG(s) 'welcome_dag' retrieved from /opt/airflow/dags/welcome_dag.py
[2024-07-29T04:52:16.662+0000] {logging_mixin.py:188} INFO - [2024-07-29T04:52:16.661+0000] {dag.py:3089} INFO - Sync 1 DAGs
[2024-07-29T04:52:16.680+0000] {logging_mixin.py:188} INFO - [2024-07-29T04:52:16.680+0000] {dag.py:3947} INFO - Setting next_dagrun for welcome_dag to 2024-07-28 23:00:00+00:00, run_after=2024-07-29 23:00:00+00:00
[2024-07-29T04:52:16.829+0000] {processor.py:183} INFO - Processing /opt/airflow/dags/welcome_dag.py took 0.214 seconds
[2024-07-29T04:52:51.689+0000] {processor.py:161} INFO - Started process (PID=133) to work on /opt/airflow/dags/welcome_dag.py
[2024-07-29T04:52:51.689+0000] {processor.py:830} INFO - Processing file /opt/airflow/dags/welcome_dag.py for tasks to queue
[2024-07-29T04:52:51.691+0000] {logging_mixin.py:188} INFO - [2024-07-29T04:52:51.691+0000] {dagbag.py:545} INFO - Filling up the DagBag from /opt/airflow/dags/welcome_dag.py
[2024-07-29T04:52:51.709+0000] {processor.py:840} INFO - DAG(s) 'welcome_dag' retrieved from /opt/airflow/dags/welcome_dag.py
[2024-07-29T04:52:51.732+0000] {logging_mixin.py:188} INFO - [2024-07-29T04:52:51.732+0000] {dag.py:3089} INFO - Sync 1 DAGs
[2024-07-29T04:52:51.750+0000] {logging_mixin.py:188} INFO - [2024-07-29T04:52:51.750+0000] {dag.py:3947} INFO - Setting next_dagrun for welcome_dag to 2024-07-28 23:00:00+00:00, run_after=2024-07-29 23:00:00+00:00
[2024-07-29T04:52:51.900+0000] {processor.py:183} INFO - Processing /opt/airflow/dags/welcome_dag.py took 0.215 seconds
[2024-07-29T04:53:23.103+0000] {processor.py:161} INFO - Started process (PID=168) to work on /opt/airflow/dags/welcome_dag.py
[2024-07-29T04:53:23.104+0000] {processor.py:830} INFO - Processing file /opt/airflow/dags/welcome_dag.py for tasks to queue
[2024-07-29T04:53:23.105+0000] {logging_mixin.py:188} INFO - [2024-07-29T04:53:23.105+0000] {dagbag.py:545} INFO - Filling up the DagBag from /opt/airflow/dags/welcome_dag.py
[2024-07-29T04:53:23.123+0000] {processor.py:840} INFO - DAG(s) 'welcome_dag' retrieved from /opt/airflow/dags/welcome_dag.py
[2024-07-29T04:53:23.146+0000] {logging_mixin.py:188} INFO - [2024-07-29T04:53:23.146+0000] {dag.py:3089} INFO - Sync 1 DAGs
[2024-07-29T04:53:23.165+0000] {logging_mixin.py:188} INFO - [2024-07-29T04:53:23.165+0000] {dag.py:3947} INFO - Setting next_dagrun for welcome_dag to 2024-07-28 23:00:00+00:00, run_after=2024-07-29 23:00:00+00:00
[2024-07-29T04:53:23.328+0000] {processor.py:183} INFO - Processing /opt/airflow/dags/welcome_dag.py took 0.229 seconds
[2024-07-29T04:53:54.458+0000] {processor.py:161} INFO - Started process (PID=169) to work on /opt/airflow/dags/welcome_dag.py
[2024-07-29T04:53:54.459+0000] {processor.py:830} INFO - Processing file /opt/airflow/dags/welcome_dag.py for tasks to queue
[2024-07-29T04:53:54.460+0000] {logging_mixin.py:188} INFO - [2024-07-29T04:53:54.460+0000] {dagbag.py:545} INFO - Filling up the DagBag from /opt/airflow/dags/welcome_dag.py
[2024-07-29T04:53:54.485+0000] {processor.py:840} INFO - DAG(s) 'welcome_dag' retrieved from /opt/airflow/dags/welcome_dag.py
[2024-07-29T04:53:54.512+0000] {logging_mixin.py:188} INFO - [2024-07-29T04:53:54.512+0000] {dag.py:3089} INFO - Sync 1 DAGs
[2024-07-29T04:53:54.531+0000] {logging_mixin.py:188} INFO - [2024-07-29T04:53:54.531+0000] {dag.py:3947} INFO - Setting next_dagrun for welcome_dag to 2024-07-28 23:00:00+00:00, run_after=2024-07-29 23:00:00+00:00
[2024-07-29T04:53:54.656+0000] {processor.py:183} INFO - Processing /opt/airflow/dags/welcome_dag.py took 0.203 seconds
[2024-07-29T04:54:25.677+0000] {processor.py:161} INFO - Started process (PID=170) to work on /opt/airflow/dags/welcome_dag.py
[2024-07-29T04:54:25.677+0000] {processor.py:830} INFO - Processing file /opt/airflow/dags/welcome_dag.py for tasks to queue
[2024-07-29T04:54:25.679+0000] {logging_mixin.py:188} INFO - [2024-07-29T04:54:25.678+0000] {dagbag.py:545} INFO - Filling up the DagBag from /opt/airflow/dags/welcome_dag.py
[2024-07-29T04:54:25.696+0000] {processor.py:840} INFO - DAG(s) 'welcome_dag' retrieved from /opt/airflow/dags/welcome_dag.py
[2024-07-29T04:54:25.719+0000] {logging_mixin.py:188} INFO - [2024-07-29T04:54:25.719+0000] {dag.py:3089} INFO - Sync 1 DAGs
[2024-07-29T04:54:25.737+0000] {logging_mixin.py:188} INFO - [2024-07-29T04:54:25.736+0000] {dag.py:3947} INFO - Setting next_dagrun for welcome_dag to 2024-07-28 23:00:00+00:00, run_after=2024-07-29 23:00:00+00:00
[2024-07-29T04:54:25.867+0000] {processor.py:183} INFO - Processing /opt/airflow/dags/welcome_dag.py took 0.194 seconds
[2024-07-29T04:54:56.871+0000] {processor.py:161} INFO - Started process (PID=171) to work on /opt/airflow/dags/welcome_dag.py
[2024-07-29T04:54:56.872+0000] {processor.py:830} INFO - Processing file /opt/airflow/dags/welcome_dag.py for tasks to queue
[2024-07-29T04:54:56.874+0000] {logging_mixin.py:188} INFO - [2024-07-29T04:54:56.874+0000] {dagbag.py:545} INFO - Filling up the DagBag from /opt/airflow/dags/welcome_dag.py
[2024-07-29T04:54:56.892+0000] {processor.py:840} INFO - DAG(s) 'welcome_dag' retrieved from /opt/airflow/dags/welcome_dag.py
[2024-07-29T04:54:56.914+0000] {logging_mixin.py:188} INFO - [2024-07-29T04:54:56.914+0000] {dag.py:3089} INFO - Sync 1 DAGs
[2024-07-29T04:54:56.932+0000] {logging_mixin.py:188} INFO - [2024-07-29T04:54:56.932+0000] {dag.py:3947} INFO - Setting next_dagrun for welcome_dag to 2024-07-28 23:00:00+00:00, run_after=2024-07-29 23:00:00+00:00
[2024-07-29T04:54:57.069+0000] {processor.py:183} INFO - Processing /opt/airflow/dags/welcome_dag.py took 0.202 seconds
[2024-07-29T04:55:28.017+0000] {processor.py:161} INFO - Started process (PID=172) to work on /opt/airflow/dags/welcome_dag.py
[2024-07-29T04:55:28.018+0000] {processor.py:830} INFO - Processing file /opt/airflow/dags/welcome_dag.py for tasks to queue
[2024-07-29T04:55:28.019+0000] {logging_mixin.py:188} INFO - [2024-07-29T04:55:28.019+0000] {dagbag.py:545} INFO - Filling up the DagBag from /opt/airflow/dags/welcome_dag.py
[2024-07-29T04:55:28.037+0000] {processor.py:840} INFO - DAG(s) 'welcome_dag' retrieved from /opt/airflow/dags/welcome_dag.py
[2024-07-29T04:55:28.061+0000] {logging_mixin.py:188} INFO - [2024-07-29T04:55:28.061+0000] {dag.py:3089} INFO - Sync 1 DAGs
[2024-07-29T04:55:28.081+0000] {logging_mixin.py:188} INFO - [2024-07-29T04:55:28.081+0000] {dag.py:3947} INFO - Setting next_dagrun for welcome_dag to 2024-07-28 23:00:00+00:00, run_after=2024-07-29 23:00:00+00:00
[2024-07-29T04:55:28.207+0000] {processor.py:183} INFO - Processing /opt/airflow/dags/welcome_dag.py took 0.194 seconds
[2024-07-29T04:55:59.052+0000] {processor.py:161} INFO - Started process (PID=173) to work on /opt/airflow/dags/welcome_dag.py
[2024-07-29T04:55:59.053+0000] {processor.py:830} INFO - Processing file /opt/airflow/dags/welcome_dag.py for tasks to queue
[2024-07-29T04:55:59.054+0000] {logging_mixin.py:188} INFO - [2024-07-29T04:55:59.054+0000] {dagbag.py:545} INFO - Filling up the DagBag from /opt/airflow/dags/welcome_dag.py
[2024-07-29T04:55:59.071+0000] {processor.py:840} INFO - DAG(s) 'welcome_dag' retrieved from /opt/airflow/dags/welcome_dag.py
[2024-07-29T04:55:59.093+0000] {logging_mixin.py:188} INFO - [2024-07-29T04:55:59.093+0000] {dag.py:3089} INFO - Sync 1 DAGs
[2024-07-29T04:55:59.111+0000] {logging_mixin.py:188} INFO - [2024-07-29T04:55:59.111+0000] {dag.py:3947} INFO - Setting next_dagrun for welcome_dag to 2024-07-28 23:00:00+00:00, run_after=2024-07-29 23:00:00+00:00
[2024-07-29T04:55:59.286+0000] {processor.py:183} INFO - Processing /opt/airflow/dags/welcome_dag.py took 0.238 seconds
[2024-07-29T04:56:15.514+0000] {processor.py:161} INFO - Started process (PID=174) to work on /opt/airflow/dags/welcome_dag.py
[2024-07-29T04:56:15.514+0000] {processor.py:830} INFO - Processing file /opt/airflow/dags/welcome_dag.py for tasks to queue
[2024-07-29T04:56:15.516+0000] {logging_mixin.py:188} INFO - [2024-07-29T04:56:15.515+0000] {dagbag.py:545} INFO - Filling up the DagBag from /opt/airflow/dags/welcome_dag.py
[2024-07-29T04:56:15.539+0000] {processor.py:840} INFO - DAG(s) 'welcome_dag' retrieved from /opt/airflow/dags/welcome_dag.py
[2024-07-29T04:56:15.561+0000] {logging_mixin.py:188} INFO - [2024-07-29T04:56:15.561+0000] {dag.py:3089} INFO - Sync 1 DAGs
[2024-07-29T04:56:15.582+0000] {logging_mixin.py:188} INFO - [2024-07-29T04:56:15.581+0000] {dag.py:3947} INFO - Setting next_dagrun for welcome_dag to 2024-07-28 23:00:00+00:00, run_after=2024-07-29 23:00:00+00:00
[2024-07-29T04:56:15.711+0000] {processor.py:183} INFO - Processing /opt/airflow/dags/welcome_dag.py took 0.202 seconds
[2024-07-29T04:56:46.641+0000] {processor.py:161} INFO - Started process (PID=175) to work on /opt/airflow/dags/welcome_dag.py
[2024-07-29T04:56:46.642+0000] {processor.py:830} INFO - Processing file /opt/airflow/dags/welcome_dag.py for tasks to queue
[2024-07-29T04:56:46.643+0000] {logging_mixin.py:188} INFO - [2024-07-29T04:56:46.643+0000] {dagbag.py:545} INFO - Filling up the DagBag from /opt/airflow/dags/welcome_dag.py
[2024-07-29T04:56:46.660+0000] {processor.py:840} INFO - DAG(s) 'welcome_dag' retrieved from /opt/airflow/dags/welcome_dag.py
[2024-07-29T04:56:46.682+0000] {logging_mixin.py:188} INFO - [2024-07-29T04:56:46.682+0000] {dag.py:3089} INFO - Sync 1 DAGs
[2024-07-29T04:56:46.701+0000] {logging_mixin.py:188} INFO - [2024-07-29T04:56:46.701+0000] {dag.py:3947} INFO - Setting next_dagrun for welcome_dag to 2024-07-28 23:00:00+00:00, run_after=2024-07-29 23:00:00+00:00
[2024-07-29T04:56:46.829+0000] {processor.py:183} INFO - Processing /opt/airflow/dags/welcome_dag.py took 0.192 seconds
[2024-07-29T04:57:16.894+0000] {processor.py:161} INFO - Started process (PID=227) to work on /opt/airflow/dags/welcome_dag.py
[2024-07-29T04:57:16.895+0000] {processor.py:830} INFO - Processing file /opt/airflow/dags/welcome_dag.py for tasks to queue
[2024-07-29T04:57:16.896+0000] {logging_mixin.py:188} INFO - [2024-07-29T04:57:16.896+0000] {dagbag.py:545} INFO - Filling up the DagBag from /opt/airflow/dags/welcome_dag.py
[2024-07-29T04:57:16.915+0000] {processor.py:840} INFO - DAG(s) 'welcome_dag' retrieved from /opt/airflow/dags/welcome_dag.py
[2024-07-29T04:57:16.938+0000] {logging_mixin.py:188} INFO - [2024-07-29T04:57:16.938+0000] {dag.py:3089} INFO - Sync 1 DAGs
[2024-07-29T04:57:16.958+0000] {logging_mixin.py:188} INFO - [2024-07-29T04:57:16.958+0000] {dag.py:3947} INFO - Setting next_dagrun for welcome_dag to 2024-07-28 23:00:00+00:00, run_after=2024-07-29 23:00:00+00:00
[2024-07-29T04:57:17.108+0000] {processor.py:183} INFO - Processing /opt/airflow/dags/welcome_dag.py took 0.218 seconds
[2024-07-29T04:57:47.212+0000] {processor.py:161} INFO - Started process (PID=228) to work on /opt/airflow/dags/welcome_dag.py
[2024-07-29T04:57:47.212+0000] {processor.py:830} INFO - Processing file /opt/airflow/dags/welcome_dag.py for tasks to queue
[2024-07-29T04:57:47.214+0000] {logging_mixin.py:188} INFO - [2024-07-29T04:57:47.214+0000] {dagbag.py:545} INFO - Filling up the DagBag from /opt/airflow/dags/welcome_dag.py
[2024-07-29T04:57:47.230+0000] {processor.py:840} INFO - DAG(s) 'welcome_dag' retrieved from /opt/airflow/dags/welcome_dag.py
[2024-07-29T04:57:47.253+0000] {logging_mixin.py:188} INFO - [2024-07-29T04:57:47.252+0000] {dag.py:3089} INFO - Sync 1 DAGs
[2024-07-29T04:57:47.270+0000] {logging_mixin.py:188} INFO - [2024-07-29T04:57:47.270+0000] {dag.py:3947} INFO - Setting next_dagrun for welcome_dag to 2024-07-28 23:00:00+00:00, run_after=2024-07-29 23:00:00+00:00
[2024-07-29T04:57:47.433+0000] {processor.py:183} INFO - Processing /opt/airflow/dags/welcome_dag.py took 0.225 seconds
[2024-07-29T04:58:17.619+0000] {processor.py:161} INFO - Started process (PID=229) to work on /opt/airflow/dags/welcome_dag.py
[2024-07-29T04:58:17.620+0000] {processor.py:830} INFO - Processing file /opt/airflow/dags/welcome_dag.py for tasks to queue
[2024-07-29T04:58:17.622+0000] {logging_mixin.py:188} INFO - [2024-07-29T04:58:17.621+0000] {dagbag.py:545} INFO - Filling up the DagBag from /opt/airflow/dags/welcome_dag.py
[2024-07-29T04:58:17.641+0000] {processor.py:840} INFO - DAG(s) 'welcome_dag' retrieved from /opt/airflow/dags/welcome_dag.py
[2024-07-29T04:58:17.666+0000] {logging_mixin.py:188} INFO - [2024-07-29T04:58:17.666+0000] {dag.py:3089} INFO - Sync 1 DAGs
[2024-07-29T04:58:17.684+0000] {logging_mixin.py:188} INFO - [2024-07-29T04:58:17.684+0000] {dag.py:3947} INFO - Setting next_dagrun for welcome_dag to 2024-07-28 23:00:00+00:00, run_after=2024-07-29 23:00:00+00:00
[2024-07-29T04:58:17.846+0000] {processor.py:183} INFO - Processing /opt/airflow/dags/welcome_dag.py took 0.231 seconds
[2024-07-29T04:58:48.146+0000] {processor.py:161} INFO - Started process (PID=230) to work on /opt/airflow/dags/welcome_dag.py
[2024-07-29T04:58:48.146+0000] {processor.py:830} INFO - Processing file /opt/airflow/dags/welcome_dag.py for tasks to queue
[2024-07-29T04:58:48.148+0000] {logging_mixin.py:188} INFO - [2024-07-29T04:58:48.147+0000] {dagbag.py:545} INFO - Filling up the DagBag from /opt/airflow/dags/welcome_dag.py
[2024-07-29T04:58:48.165+0000] {processor.py:840} INFO - DAG(s) 'welcome_dag' retrieved from /opt/airflow/dags/welcome_dag.py
[2024-07-29T04:58:48.186+0000] {logging_mixin.py:188} INFO - [2024-07-29T04:58:48.186+0000] {dag.py:3089} INFO - Sync 1 DAGs
[2024-07-29T04:58:48.204+0000] {logging_mixin.py:188} INFO - [2024-07-29T04:58:48.204+0000] {dag.py:3947} INFO - Setting next_dagrun for welcome_dag to 2024-07-28 23:00:00+00:00, run_after=2024-07-29 23:00:00+00:00
[2024-07-29T04:58:48.350+0000] {processor.py:183} INFO - Processing /opt/airflow/dags/welcome_dag.py took 0.208 seconds
[2024-07-29T04:59:19.487+0000] {processor.py:161} INFO - Started process (PID=231) to work on /opt/airflow/dags/welcome_dag.py
[2024-07-29T04:59:19.488+0000] {processor.py:830} INFO - Processing file /opt/airflow/dags/welcome_dag.py for tasks to queue
[2024-07-29T04:59:19.489+0000] {logging_mixin.py:188} INFO - [2024-07-29T04:59:19.489+0000] {dagbag.py:545} INFO - Filling up the DagBag from /opt/airflow/dags/welcome_dag.py
[2024-07-29T04:59:19.507+0000] {processor.py:840} INFO - DAG(s) 'welcome_dag' retrieved from /opt/airflow/dags/welcome_dag.py
[2024-07-29T04:59:19.530+0000] {logging_mixin.py:188} INFO - [2024-07-29T04:59:19.530+0000] {dag.py:3089} INFO - Sync 1 DAGs
[2024-07-29T04:59:19.550+0000] {logging_mixin.py:188} INFO - [2024-07-29T04:59:19.550+0000] {dag.py:3947} INFO - Setting next_dagrun for welcome_dag to 2024-07-28 23:00:00+00:00, run_after=2024-07-29 23:00:00+00:00
[2024-07-29T04:59:19.729+0000] {processor.py:183} INFO - Processing /opt/airflow/dags/welcome_dag.py took 0.246 seconds
[2024-07-29T04:59:27.720+0000] {processor.py:161} INFO - Started process (PID=232) to work on /opt/airflow/dags/welcome_dag.py
[2024-07-29T04:59:27.721+0000] {processor.py:830} INFO - Processing file /opt/airflow/dags/welcome_dag.py for tasks to queue
[2024-07-29T04:59:27.722+0000] {logging_mixin.py:188} INFO - [2024-07-29T04:59:27.722+0000] {dagbag.py:545} INFO - Filling up the DagBag from /opt/airflow/dags/welcome_dag.py
[2024-07-29T04:59:27.746+0000] {processor.py:840} INFO - DAG(s) 'welcome_dag' retrieved from /opt/airflow/dags/welcome_dag.py
[2024-07-29T04:59:27.768+0000] {logging_mixin.py:188} INFO - [2024-07-29T04:59:27.767+0000] {dag.py:3089} INFO - Sync 1 DAGs
[2024-07-29T04:59:27.786+0000] {logging_mixin.py:188} INFO - [2024-07-29T04:59:27.785+0000] {dag.py:3947} INFO - Setting next_dagrun for welcome_dag to 2024-07-28 23:00:00+00:00, run_after=2024-07-29 23:00:00+00:00
[2024-07-29T04:59:27.958+0000] {processor.py:183} INFO - Processing /opt/airflow/dags/welcome_dag.py took 0.242 seconds
[2024-07-29T04:59:59.785+0000] {processor.py:161} INFO - Started process (PID=284) to work on /opt/airflow/dags/welcome_dag.py
[2024-07-29T04:59:59.785+0000] {processor.py:830} INFO - Processing file /opt/airflow/dags/welcome_dag.py for tasks to queue
[2024-07-29T04:59:59.787+0000] {logging_mixin.py:188} INFO - [2024-07-29T04:59:59.786+0000] {dagbag.py:545} INFO - Filling up the DagBag from /opt/airflow/dags/welcome_dag.py
[2024-07-29T04:59:59.804+0000] {processor.py:840} INFO - DAG(s) 'welcome_dag' retrieved from /opt/airflow/dags/welcome_dag.py
[2024-07-29T04:59:59.828+0000] {logging_mixin.py:188} INFO - [2024-07-29T04:59:59.828+0000] {dag.py:3089} INFO - Sync 1 DAGs
[2024-07-29T04:59:59.849+0000] {logging_mixin.py:188} INFO - [2024-07-29T04:59:59.849+0000] {dag.py:3947} INFO - Setting next_dagrun for welcome_dag to 2024-07-28 23:00:00+00:00, run_after=2024-07-29 23:00:00+00:00
[2024-07-29T04:59:59.984+0000] {processor.py:183} INFO - Processing /opt/airflow/dags/welcome_dag.py took 0.203 seconds
[2024-07-29T05:00:30.097+0000] {processor.py:161} INFO - Started process (PID=285) to work on /opt/airflow/dags/welcome_dag.py
[2024-07-29T05:00:30.098+0000] {processor.py:830} INFO - Processing file /opt/airflow/dags/welcome_dag.py for tasks to queue
[2024-07-29T05:00:30.099+0000] {logging_mixin.py:188} INFO - [2024-07-29T05:00:30.099+0000] {dagbag.py:545} INFO - Filling up the DagBag from /opt/airflow/dags/welcome_dag.py
[2024-07-29T05:00:30.117+0000] {processor.py:840} INFO - DAG(s) 'welcome_dag' retrieved from /opt/airflow/dags/welcome_dag.py
[2024-07-29T05:00:30.139+0000] {logging_mixin.py:188} INFO - [2024-07-29T05:00:30.139+0000] {dag.py:3089} INFO - Sync 1 DAGs
[2024-07-29T05:00:30.157+0000] {logging_mixin.py:188} INFO - [2024-07-29T05:00:30.157+0000] {dag.py:3947} INFO - Setting next_dagrun for welcome_dag to 2024-07-28 23:00:00+00:00, run_after=2024-07-29 23:00:00+00:00
[2024-07-29T05:00:30.314+0000] {processor.py:183} INFO - Processing /opt/airflow/dags/welcome_dag.py took 0.220 seconds
[2024-07-29T05:01:00.656+0000] {processor.py:161} INFO - Started process (PID=286) to work on /opt/airflow/dags/welcome_dag.py
[2024-07-29T05:01:00.657+0000] {processor.py:830} INFO - Processing file /opt/airflow/dags/welcome_dag.py for tasks to queue
[2024-07-29T05:01:00.658+0000] {logging_mixin.py:188} INFO - [2024-07-29T05:01:00.658+0000] {dagbag.py:545} INFO - Filling up the DagBag from /opt/airflow/dags/welcome_dag.py
[2024-07-29T05:01:00.681+0000] {processor.py:840} INFO - DAG(s) 'welcome_dag' retrieved from /opt/airflow/dags/welcome_dag.py
[2024-07-29T05:01:00.712+0000] {logging_mixin.py:188} INFO - [2024-07-29T05:01:00.712+0000] {dag.py:3089} INFO - Sync 1 DAGs
[2024-07-29T05:01:00.734+0000] {logging_mixin.py:188} INFO - [2024-07-29T05:01:00.734+0000] {dag.py:3947} INFO - Setting next_dagrun for welcome_dag to 2024-07-28 23:00:00+00:00, run_after=2024-07-29 23:00:00+00:00
[2024-07-29T05:01:00.896+0000] {processor.py:183} INFO - Processing /opt/airflow/dags/welcome_dag.py took 0.245 seconds
[2024-07-29T05:01:31.146+0000] {processor.py:161} INFO - Started process (PID=287) to work on /opt/airflow/dags/welcome_dag.py
[2024-07-29T05:01:31.147+0000] {processor.py:830} INFO - Processing file /opt/airflow/dags/welcome_dag.py for tasks to queue
[2024-07-29T05:01:31.148+0000] {logging_mixin.py:188} INFO - [2024-07-29T05:01:31.148+0000] {dagbag.py:545} INFO - Filling up the DagBag from /opt/airflow/dags/welcome_dag.py
[2024-07-29T05:01:31.164+0000] {processor.py:840} INFO - DAG(s) 'welcome_dag' retrieved from /opt/airflow/dags/welcome_dag.py
[2024-07-29T05:01:31.221+0000] {logging_mixin.py:188} INFO - [2024-07-29T05:01:31.221+0000] {dag.py:3089} INFO - Sync 1 DAGs
[2024-07-29T05:01:31.239+0000] {logging_mixin.py:188} INFO - [2024-07-29T05:01:31.239+0000] {dag.py:3947} INFO - Setting next_dagrun for welcome_dag to 2024-07-28 23:00:00+00:00, run_after=2024-07-29 23:00:00+00:00
[2024-07-29T05:01:31.426+0000] {processor.py:183} INFO - Processing /opt/airflow/dags/welcome_dag.py took 0.284 seconds
[2024-07-29T05:02:01.616+0000] {processor.py:161} INFO - Started process (PID=288) to work on /opt/airflow/dags/welcome_dag.py
[2024-07-29T05:02:01.617+0000] {processor.py:830} INFO - Processing file /opt/airflow/dags/welcome_dag.py for tasks to queue
[2024-07-29T05:02:01.618+0000] {logging_mixin.py:188} INFO - [2024-07-29T05:02:01.618+0000] {dagbag.py:545} INFO - Filling up the DagBag from /opt/airflow/dags/welcome_dag.py
[2024-07-29T05:02:01.636+0000] {processor.py:840} INFO - DAG(s) 'welcome_dag' retrieved from /opt/airflow/dags/welcome_dag.py
[2024-07-29T05:02:01.658+0000] {logging_mixin.py:188} INFO - [2024-07-29T05:02:01.658+0000] {dag.py:3089} INFO - Sync 1 DAGs
[2024-07-29T05:02:01.677+0000] {logging_mixin.py:188} INFO - [2024-07-29T05:02:01.677+0000] {dag.py:3947} INFO - Setting next_dagrun for welcome_dag to 2024-07-28 23:00:00+00:00, run_after=2024-07-29 23:00:00+00:00
[2024-07-29T05:02:01.837+0000] {processor.py:183} INFO - Processing /opt/airflow/dags/welcome_dag.py took 0.224 seconds
[2024-07-29T05:02:32.061+0000] {processor.py:161} INFO - Started process (PID=289) to work on /opt/airflow/dags/welcome_dag.py
[2024-07-29T05:02:32.063+0000] {processor.py:830} INFO - Processing file /opt/airflow/dags/welcome_dag.py for tasks to queue
[2024-07-29T05:02:32.065+0000] {logging_mixin.py:188} INFO - [2024-07-29T05:02:32.065+0000] {dagbag.py:545} INFO - Filling up the DagBag from /opt/airflow/dags/welcome_dag.py
[2024-07-29T05:02:32.091+0000] {processor.py:840} INFO - DAG(s) 'welcome_dag' retrieved from /opt/airflow/dags/welcome_dag.py
[2024-07-29T05:02:32.119+0000] {logging_mixin.py:188} INFO - [2024-07-29T05:02:32.119+0000] {dag.py:3089} INFO - Sync 1 DAGs
[2024-07-29T05:02:32.140+0000] {logging_mixin.py:188} INFO - [2024-07-29T05:02:32.140+0000] {dag.py:3947} INFO - Setting next_dagrun for welcome_dag to 2024-07-28 23:00:00+00:00, run_after=2024-07-29 23:00:00+00:00
[2024-07-29T05:02:32.266+0000] {processor.py:183} INFO - Processing /opt/airflow/dags/welcome_dag.py took 0.212 seconds
[2024-07-29T05:03:02.797+0000] {processor.py:161} INFO - Started process (PID=290) to work on /opt/airflow/dags/welcome_dag.py
[2024-07-29T05:03:02.797+0000] {processor.py:830} INFO - Processing file /opt/airflow/dags/welcome_dag.py for tasks to queue
[2024-07-29T05:03:02.799+0000] {logging_mixin.py:188} INFO - [2024-07-29T05:03:02.798+0000] {dagbag.py:545} INFO - Filling up the DagBag from /opt/airflow/dags/welcome_dag.py
[2024-07-29T05:03:02.815+0000] {processor.py:840} INFO - DAG(s) 'welcome_dag' retrieved from /opt/airflow/dags/welcome_dag.py
[2024-07-29T05:03:02.836+0000] {logging_mixin.py:188} INFO - [2024-07-29T05:03:02.836+0000] {dag.py:3089} INFO - Sync 1 DAGs
[2024-07-29T05:03:02.854+0000] {logging_mixin.py:188} INFO - [2024-07-29T05:03:02.854+0000] {dag.py:3947} INFO - Setting next_dagrun for welcome_dag to 2024-07-28 23:00:00+00:00, run_after=2024-07-29 23:00:00+00:00
[2024-07-29T05:03:03.009+0000] {processor.py:183} INFO - Processing /opt/airflow/dags/welcome_dag.py took 0.217 seconds
[2024-07-29T05:03:33.243+0000] {processor.py:161} INFO - Started process (PID=291) to work on /opt/airflow/dags/welcome_dag.py
[2024-07-29T05:03:33.244+0000] {processor.py:830} INFO - Processing file /opt/airflow/dags/welcome_dag.py for tasks to queue
[2024-07-29T05:03:33.245+0000] {logging_mixin.py:188} INFO - [2024-07-29T05:03:33.245+0000] {dagbag.py:545} INFO - Filling up the DagBag from /opt/airflow/dags/welcome_dag.py
[2024-07-29T05:03:33.266+0000] {processor.py:840} INFO - DAG(s) 'welcome_dag' retrieved from /opt/airflow/dags/welcome_dag.py
[2024-07-29T05:03:33.289+0000] {logging_mixin.py:188} INFO - [2024-07-29T05:03:33.288+0000] {dag.py:3089} INFO - Sync 1 DAGs
[2024-07-29T05:03:33.308+0000] {logging_mixin.py:188} INFO - [2024-07-29T05:03:33.307+0000] {dag.py:3947} INFO - Setting next_dagrun for welcome_dag to 2024-07-28 23:00:00+00:00, run_after=2024-07-29 23:00:00+00:00
[2024-07-29T05:03:33.497+0000] {processor.py:183} INFO - Processing /opt/airflow/dags/welcome_dag.py took 0.258 seconds
[2024-07-29T05:04:03.717+0000] {processor.py:161} INFO - Started process (PID=292) to work on /opt/airflow/dags/welcome_dag.py
[2024-07-29T05:04:03.718+0000] {processor.py:830} INFO - Processing file /opt/airflow/dags/welcome_dag.py for tasks to queue
[2024-07-29T05:04:03.719+0000] {logging_mixin.py:188} INFO - [2024-07-29T05:04:03.719+0000] {dagbag.py:545} INFO - Filling up the DagBag from /opt/airflow/dags/welcome_dag.py
[2024-07-29T05:04:03.737+0000] {processor.py:840} INFO - DAG(s) 'welcome_dag' retrieved from /opt/airflow/dags/welcome_dag.py
[2024-07-29T05:04:03.763+0000] {logging_mixin.py:188} INFO - [2024-07-29T05:04:03.763+0000] {dag.py:3089} INFO - Sync 1 DAGs
[2024-07-29T05:04:03.781+0000] {logging_mixin.py:188} INFO - [2024-07-29T05:04:03.781+0000] {dag.py:3947} INFO - Setting next_dagrun for welcome_dag to 2024-07-28 23:00:00+00:00, run_after=2024-07-29 23:00:00+00:00
[2024-07-29T05:04:03.950+0000] {processor.py:183} INFO - Processing /opt/airflow/dags/welcome_dag.py took 0.237 seconds
[2024-07-29T05:04:34.194+0000] {processor.py:161} INFO - Started process (PID=293) to work on /opt/airflow/dags/welcome_dag.py
[2024-07-29T05:04:34.195+0000] {processor.py:830} INFO - Processing file /opt/airflow/dags/welcome_dag.py for tasks to queue
[2024-07-29T05:04:34.197+0000] {logging_mixin.py:188} INFO - [2024-07-29T05:04:34.196+0000] {dagbag.py:545} INFO - Filling up the DagBag from /opt/airflow/dags/welcome_dag.py
[2024-07-29T05:04:34.213+0000] {processor.py:840} INFO - DAG(s) 'welcome_dag' retrieved from /opt/airflow/dags/welcome_dag.py
[2024-07-29T05:04:34.234+0000] {logging_mixin.py:188} INFO - [2024-07-29T05:04:34.234+0000] {dag.py:3089} INFO - Sync 1 DAGs
[2024-07-29T05:04:34.253+0000] {logging_mixin.py:188} INFO - [2024-07-29T05:04:34.252+0000] {dag.py:3947} INFO - Setting next_dagrun for welcome_dag to 2024-07-28 23:00:00+00:00, run_after=2024-07-29 23:00:00+00:00
[2024-07-29T05:04:34.403+0000] {processor.py:183} INFO - Processing /opt/airflow/dags/welcome_dag.py took 0.213 seconds
[2024-07-29T05:05:04.568+0000] {processor.py:161} INFO - Started process (PID=294) to work on /opt/airflow/dags/welcome_dag.py
[2024-07-29T05:05:04.569+0000] {processor.py:830} INFO - Processing file /opt/airflow/dags/welcome_dag.py for tasks to queue
[2024-07-29T05:05:04.570+0000] {logging_mixin.py:188} INFO - [2024-07-29T05:05:04.570+0000] {dagbag.py:545} INFO - Filling up the DagBag from /opt/airflow/dags/welcome_dag.py
[2024-07-29T05:05:04.586+0000] {processor.py:840} INFO - DAG(s) 'welcome_dag' retrieved from /opt/airflow/dags/welcome_dag.py
[2024-07-29T05:05:04.608+0000] {logging_mixin.py:188} INFO - [2024-07-29T05:05:04.608+0000] {dag.py:3089} INFO - Sync 1 DAGs
[2024-07-29T05:05:04.631+0000] {logging_mixin.py:188} INFO - [2024-07-29T05:05:04.630+0000] {dag.py:3947} INFO - Setting next_dagrun for welcome_dag to 2024-07-28 23:00:00+00:00, run_after=2024-07-29 23:00:00+00:00
[2024-07-29T05:05:04.762+0000] {processor.py:183} INFO - Processing /opt/airflow/dags/welcome_dag.py took 0.198 seconds
[2024-07-29T05:05:35.004+0000] {processor.py:161} INFO - Started process (PID=295) to work on /opt/airflow/dags/welcome_dag.py
[2024-07-29T05:05:35.005+0000] {processor.py:830} INFO - Processing file /opt/airflow/dags/welcome_dag.py for tasks to queue
[2024-07-29T05:05:35.006+0000] {logging_mixin.py:188} INFO - [2024-07-29T05:05:35.006+0000] {dagbag.py:545} INFO - Filling up the DagBag from /opt/airflow/dags/welcome_dag.py
[2024-07-29T05:05:35.023+0000] {processor.py:840} INFO - DAG(s) 'welcome_dag' retrieved from /opt/airflow/dags/welcome_dag.py
[2024-07-29T05:05:35.044+0000] {logging_mixin.py:188} INFO - [2024-07-29T05:05:35.044+0000] {dag.py:3089} INFO - Sync 1 DAGs
[2024-07-29T05:05:35.062+0000] {logging_mixin.py:188} INFO - [2024-07-29T05:05:35.062+0000] {dag.py:3947} INFO - Setting next_dagrun for welcome_dag to 2024-07-28 23:00:00+00:00, run_after=2024-07-29 23:00:00+00:00
[2024-07-29T05:05:35.199+0000] {processor.py:183} INFO - Processing /opt/airflow/dags/welcome_dag.py took 0.198 seconds
[2024-07-29T05:06:06.637+0000] {processor.py:161} INFO - Started process (PID=297) to work on /opt/airflow/dags/welcome_dag.py
[2024-07-29T05:06:06.638+0000] {processor.py:830} INFO - Processing file /opt/airflow/dags/welcome_dag.py for tasks to queue
[2024-07-29T05:06:06.639+0000] {logging_mixin.py:188} INFO - [2024-07-29T05:06:06.639+0000] {dagbag.py:545} INFO - Filling up the DagBag from /opt/airflow/dags/welcome_dag.py
[2024-07-29T05:06:06.657+0000] {processor.py:840} INFO - DAG(s) 'welcome_dag' retrieved from /opt/airflow/dags/welcome_dag.py
[2024-07-29T05:06:06.666+0000] {logging_mixin.py:188} INFO - [2024-07-29T05:06:06.666+0000] {dag.py:3089} INFO - Sync 1 DAGs
[2024-07-29T05:06:06.684+0000] {logging_mixin.py:188} INFO - [2024-07-29T05:06:06.684+0000] {dag.py:3947} INFO - Setting next_dagrun for welcome_dag to 2024-07-28 23:00:00+00:00, run_after=2024-07-29 23:00:00+00:00
[2024-07-29T05:06:06.819+0000] {processor.py:183} INFO - Processing /opt/airflow/dags/welcome_dag.py took 0.186 seconds
[2024-07-29T05:06:37.105+0000] {processor.py:161} INFO - Started process (PID=299) to work on /opt/airflow/dags/welcome_dag.py
[2024-07-29T05:06:37.105+0000] {processor.py:830} INFO - Processing file /opt/airflow/dags/welcome_dag.py for tasks to queue
[2024-07-29T05:06:37.107+0000] {logging_mixin.py:188} INFO - [2024-07-29T05:06:37.106+0000] {dagbag.py:545} INFO - Filling up the DagBag from /opt/airflow/dags/welcome_dag.py
[2024-07-29T05:06:37.123+0000] {processor.py:840} INFO - DAG(s) 'welcome_dag' retrieved from /opt/airflow/dags/welcome_dag.py
[2024-07-29T05:06:37.216+0000] {logging_mixin.py:188} INFO - [2024-07-29T05:06:37.216+0000] {dag.py:3089} INFO - Sync 1 DAGs
[2024-07-29T05:06:37.235+0000] {logging_mixin.py:188} INFO - [2024-07-29T05:06:37.235+0000] {dag.py:3947} INFO - Setting next_dagrun for welcome_dag to 2024-07-28 23:00:00+00:00, run_after=2024-07-29 23:00:00+00:00
[2024-07-29T05:06:37.443+0000] {processor.py:183} INFO - Processing /opt/airflow/dags/welcome_dag.py took 0.343 seconds
[2024-07-29T05:07:07.577+0000] {processor.py:161} INFO - Started process (PID=301) to work on /opt/airflow/dags/welcome_dag.py
[2024-07-29T05:07:07.578+0000] {processor.py:830} INFO - Processing file /opt/airflow/dags/welcome_dag.py for tasks to queue
[2024-07-29T05:07:07.579+0000] {logging_mixin.py:188} INFO - [2024-07-29T05:07:07.579+0000] {dagbag.py:545} INFO - Filling up the DagBag from /opt/airflow/dags/welcome_dag.py
[2024-07-29T05:07:07.598+0000] {processor.py:840} INFO - DAG(s) 'welcome_dag' retrieved from /opt/airflow/dags/welcome_dag.py
[2024-07-29T05:07:07.621+0000] {logging_mixin.py:188} INFO - [2024-07-29T05:07:07.621+0000] {dag.py:3089} INFO - Sync 1 DAGs
[2024-07-29T05:07:07.641+0000] {logging_mixin.py:188} INFO - [2024-07-29T05:07:07.641+0000] {dag.py:3947} INFO - Setting next_dagrun for welcome_dag to 2024-07-28 23:00:00+00:00, run_after=2024-07-29 23:00:00+00:00
[2024-07-29T05:07:07.794+0000] {processor.py:183} INFO - Processing /opt/airflow/dags/welcome_dag.py took 0.222 seconds
[2024-07-29T05:07:38.153+0000] {processor.py:161} INFO - Started process (PID=303) to work on /opt/airflow/dags/welcome_dag.py
[2024-07-29T05:07:38.154+0000] {processor.py:830} INFO - Processing file /opt/airflow/dags/welcome_dag.py for tasks to queue
[2024-07-29T05:07:38.155+0000] {logging_mixin.py:188} INFO - [2024-07-29T05:07:38.155+0000] {dagbag.py:545} INFO - Filling up the DagBag from /opt/airflow/dags/welcome_dag.py
[2024-07-29T05:07:38.172+0000] {processor.py:840} INFO - DAG(s) 'welcome_dag' retrieved from /opt/airflow/dags/welcome_dag.py
[2024-07-29T05:07:38.183+0000] {logging_mixin.py:188} INFO - [2024-07-29T05:07:38.182+0000] {dag.py:3089} INFO - Sync 1 DAGs
[2024-07-29T05:07:38.205+0000] {logging_mixin.py:188} INFO - [2024-07-29T05:07:38.205+0000] {dag.py:3947} INFO - Setting next_dagrun for welcome_dag to 2024-07-28 23:00:00+00:00, run_after=2024-07-29 23:00:00+00:00
[2024-07-29T05:07:38.368+0000] {processor.py:183} INFO - Processing /opt/airflow/dags/welcome_dag.py took 0.219 seconds
[2024-07-29T05:08:08.642+0000] {processor.py:161} INFO - Started process (PID=305) to work on /opt/airflow/dags/welcome_dag.py
[2024-07-29T05:08:08.643+0000] {processor.py:830} INFO - Processing file /opt/airflow/dags/welcome_dag.py for tasks to queue
[2024-07-29T05:08:08.644+0000] {logging_mixin.py:188} INFO - [2024-07-29T05:08:08.644+0000] {dagbag.py:545} INFO - Filling up the DagBag from /opt/airflow/dags/welcome_dag.py
[2024-07-29T05:08:08.661+0000] {processor.py:840} INFO - DAG(s) 'welcome_dag' retrieved from /opt/airflow/dags/welcome_dag.py
[2024-07-29T05:08:08.754+0000] {logging_mixin.py:188} INFO - [2024-07-29T05:08:08.753+0000] {dag.py:3089} INFO - Sync 1 DAGs
[2024-07-29T05:08:08.774+0000] {logging_mixin.py:188} INFO - [2024-07-29T05:08:08.774+0000] {dag.py:3947} INFO - Setting next_dagrun for welcome_dag to 2024-07-28 23:00:00+00:00, run_after=2024-07-29 23:00:00+00:00
[2024-07-29T05:08:08.968+0000] {processor.py:183} INFO - Processing /opt/airflow/dags/welcome_dag.py took 0.330 seconds
[2024-07-29T05:08:39.118+0000] {processor.py:161} INFO - Started process (PID=307) to work on /opt/airflow/dags/welcome_dag.py
[2024-07-29T05:08:39.118+0000] {processor.py:830} INFO - Processing file /opt/airflow/dags/welcome_dag.py for tasks to queue
[2024-07-29T05:08:39.120+0000] {logging_mixin.py:188} INFO - [2024-07-29T05:08:39.119+0000] {dagbag.py:545} INFO - Filling up the DagBag from /opt/airflow/dags/welcome_dag.py
[2024-07-29T05:08:39.137+0000] {processor.py:840} INFO - DAG(s) 'welcome_dag' retrieved from /opt/airflow/dags/welcome_dag.py
[2024-07-29T05:08:39.158+0000] {logging_mixin.py:188} INFO - [2024-07-29T05:08:39.157+0000] {dag.py:3089} INFO - Sync 1 DAGs
[2024-07-29T05:08:39.175+0000] {logging_mixin.py:188} INFO - [2024-07-29T05:08:39.175+0000] {dag.py:3947} INFO - Setting next_dagrun for welcome_dag to 2024-07-28 23:00:00+00:00, run_after=2024-07-29 23:00:00+00:00
[2024-07-29T05:08:39.376+0000] {processor.py:183} INFO - Processing /opt/airflow/dags/welcome_dag.py took 0.262 seconds
[2024-07-29T05:09:09.972+0000] {processor.py:161} INFO - Started process (PID=309) to work on /opt/airflow/dags/welcome_dag.py
[2024-07-29T05:09:09.973+0000] {processor.py:830} INFO - Processing file /opt/airflow/dags/welcome_dag.py for tasks to queue
[2024-07-29T05:09:09.974+0000] {logging_mixin.py:188} INFO - [2024-07-29T05:09:09.974+0000] {dagbag.py:545} INFO - Filling up the DagBag from /opt/airflow/dags/welcome_dag.py
[2024-07-29T05:09:09.991+0000] {processor.py:840} INFO - DAG(s) 'welcome_dag' retrieved from /opt/airflow/dags/welcome_dag.py
[2024-07-29T05:09:09.999+0000] {logging_mixin.py:188} INFO - [2024-07-29T05:09:09.999+0000] {dag.py:3089} INFO - Sync 1 DAGs
[2024-07-29T05:09:10.018+0000] {logging_mixin.py:188} INFO - [2024-07-29T05:09:10.018+0000] {dag.py:3947} INFO - Setting next_dagrun for welcome_dag to 2024-07-28 23:00:00+00:00, run_after=2024-07-29 23:00:00+00:00
[2024-07-29T05:09:10.138+0000] {processor.py:183} INFO - Processing /opt/airflow/dags/welcome_dag.py took 0.170 seconds
[2024-07-29T05:09:41.084+0000] {processor.py:161} INFO - Started process (PID=311) to work on /opt/airflow/dags/welcome_dag.py
[2024-07-29T05:09:41.085+0000] {processor.py:830} INFO - Processing file /opt/airflow/dags/welcome_dag.py for tasks to queue
[2024-07-29T05:09:41.086+0000] {logging_mixin.py:188} INFO - [2024-07-29T05:09:41.086+0000] {dagbag.py:545} INFO - Filling up the DagBag from /opt/airflow/dags/welcome_dag.py
[2024-07-29T05:09:41.103+0000] {processor.py:840} INFO - DAG(s) 'welcome_dag' retrieved from /opt/airflow/dags/welcome_dag.py
[2024-07-29T05:09:41.191+0000] {logging_mixin.py:188} INFO - [2024-07-29T05:09:41.191+0000] {dag.py:3089} INFO - Sync 1 DAGs
[2024-07-29T05:09:41.207+0000] {logging_mixin.py:188} INFO - [2024-07-29T05:09:41.207+0000] {dag.py:3947} INFO - Setting next_dagrun for welcome_dag to 2024-07-28 23:00:00+00:00, run_after=2024-07-29 23:00:00+00:00
[2024-07-29T05:09:41.365+0000] {processor.py:183} INFO - Processing /opt/airflow/dags/welcome_dag.py took 0.285 seconds
[2024-07-29T05:10:11.664+0000] {processor.py:161} INFO - Started process (PID=313) to work on /opt/airflow/dags/welcome_dag.py
[2024-07-29T05:10:11.664+0000] {processor.py:830} INFO - Processing file /opt/airflow/dags/welcome_dag.py for tasks to queue
[2024-07-29T05:10:11.666+0000] {logging_mixin.py:188} INFO - [2024-07-29T05:10:11.665+0000] {dagbag.py:545} INFO - Filling up the DagBag from /opt/airflow/dags/welcome_dag.py
[2024-07-29T05:10:11.683+0000] {processor.py:840} INFO - DAG(s) 'welcome_dag' retrieved from /opt/airflow/dags/welcome_dag.py
[2024-07-29T05:10:11.706+0000] {logging_mixin.py:188} INFO - [2024-07-29T05:10:11.706+0000] {dag.py:3089} INFO - Sync 1 DAGs
[2024-07-29T05:10:11.724+0000] {logging_mixin.py:188} INFO - [2024-07-29T05:10:11.724+0000] {dag.py:3947} INFO - Setting next_dagrun for welcome_dag to 2024-07-28 23:00:00+00:00, run_after=2024-07-29 23:00:00+00:00
[2024-07-29T05:10:11.843+0000] {processor.py:183} INFO - Processing /opt/airflow/dags/welcome_dag.py took 0.183 seconds
[2024-07-29T05:10:41.949+0000] {processor.py:161} INFO - Started process (PID=315) to work on /opt/airflow/dags/welcome_dag.py
[2024-07-29T05:10:41.949+0000] {processor.py:830} INFO - Processing file /opt/airflow/dags/welcome_dag.py for tasks to queue
[2024-07-29T05:10:41.951+0000] {logging_mixin.py:188} INFO - [2024-07-29T05:10:41.950+0000] {dagbag.py:545} INFO - Filling up the DagBag from /opt/airflow/dags/welcome_dag.py
[2024-07-29T05:10:41.968+0000] {processor.py:840} INFO - DAG(s) 'welcome_dag' retrieved from /opt/airflow/dags/welcome_dag.py
[2024-07-29T05:10:41.976+0000] {logging_mixin.py:188} INFO - [2024-07-29T05:10:41.976+0000] {dag.py:3089} INFO - Sync 1 DAGs
[2024-07-29T05:10:41.996+0000] {logging_mixin.py:188} INFO - [2024-07-29T05:10:41.996+0000] {dag.py:3947} INFO - Setting next_dagrun for welcome_dag to 2024-07-28 23:00:00+00:00, run_after=2024-07-29 23:00:00+00:00
[2024-07-29T05:10:42.190+0000] {processor.py:183} INFO - Processing /opt/airflow/dags/welcome_dag.py took 0.245 seconds
[2024-07-29T05:11:12.498+0000] {processor.py:161} INFO - Started process (PID=317) to work on /opt/airflow/dags/welcome_dag.py
[2024-07-29T05:11:12.499+0000] {processor.py:830} INFO - Processing file /opt/airflow/dags/welcome_dag.py for tasks to queue
[2024-07-29T05:11:12.500+0000] {logging_mixin.py:188} INFO - [2024-07-29T05:11:12.500+0000] {dagbag.py:545} INFO - Filling up the DagBag from /opt/airflow/dags/welcome_dag.py
[2024-07-29T05:11:12.518+0000] {processor.py:840} INFO - DAG(s) 'welcome_dag' retrieved from /opt/airflow/dags/welcome_dag.py
[2024-07-29T05:11:12.611+0000] {logging_mixin.py:188} INFO - [2024-07-29T05:11:12.611+0000] {dag.py:3089} INFO - Sync 1 DAGs
[2024-07-29T05:11:12.629+0000] {logging_mixin.py:188} INFO - [2024-07-29T05:11:12.629+0000] {dag.py:3947} INFO - Setting next_dagrun for welcome_dag to 2024-07-28 23:00:00+00:00, run_after=2024-07-29 23:00:00+00:00
[2024-07-29T05:11:12.805+0000] {processor.py:183} INFO - Processing /opt/airflow/dags/welcome_dag.py took 0.312 seconds
[2024-07-29T05:11:43.018+0000] {processor.py:161} INFO - Started process (PID=319) to work on /opt/airflow/dags/welcome_dag.py
[2024-07-29T05:11:43.019+0000] {processor.py:830} INFO - Processing file /opt/airflow/dags/welcome_dag.py for tasks to queue
[2024-07-29T05:11:43.021+0000] {logging_mixin.py:188} INFO - [2024-07-29T05:11:43.020+0000] {dagbag.py:545} INFO - Filling up the DagBag from /opt/airflow/dags/welcome_dag.py
[2024-07-29T05:11:43.039+0000] {processor.py:840} INFO - DAG(s) 'welcome_dag' retrieved from /opt/airflow/dags/welcome_dag.py
[2024-07-29T05:11:43.061+0000] {logging_mixin.py:188} INFO - [2024-07-29T05:11:43.060+0000] {dag.py:3089} INFO - Sync 1 DAGs
[2024-07-29T05:11:43.080+0000] {logging_mixin.py:188} INFO - [2024-07-29T05:11:43.080+0000] {dag.py:3947} INFO - Setting next_dagrun for welcome_dag to 2024-07-28 23:00:00+00:00, run_after=2024-07-29 23:00:00+00:00
[2024-07-29T05:11:43.248+0000] {processor.py:183} INFO - Processing /opt/airflow/dags/welcome_dag.py took 0.234 seconds
[2024-07-29T05:12:13.447+0000] {processor.py:161} INFO - Started process (PID=321) to work on /opt/airflow/dags/welcome_dag.py
[2024-07-29T05:12:13.448+0000] {processor.py:830} INFO - Processing file /opt/airflow/dags/welcome_dag.py for tasks to queue
[2024-07-29T05:12:13.449+0000] {logging_mixin.py:188} INFO - [2024-07-29T05:12:13.449+0000] {dagbag.py:545} INFO - Filling up the DagBag from /opt/airflow/dags/welcome_dag.py
[2024-07-29T05:12:13.468+0000] {processor.py:840} INFO - DAG(s) 'welcome_dag' retrieved from /opt/airflow/dags/welcome_dag.py
[2024-07-29T05:12:13.477+0000] {logging_mixin.py:188} INFO - [2024-07-29T05:12:13.477+0000] {dag.py:3089} INFO - Sync 1 DAGs
[2024-07-29T05:12:13.498+0000] {logging_mixin.py:188} INFO - [2024-07-29T05:12:13.497+0000] {dag.py:3947} INFO - Setting next_dagrun for welcome_dag to 2024-07-28 23:00:00+00:00, run_after=2024-07-29 23:00:00+00:00
[2024-07-29T05:12:13.647+0000] {processor.py:183} INFO - Processing /opt/airflow/dags/welcome_dag.py took 0.204 seconds
[2024-07-29T05:12:43.871+0000] {processor.py:161} INFO - Started process (PID=323) to work on /opt/airflow/dags/welcome_dag.py
[2024-07-29T05:12:43.872+0000] {processor.py:830} INFO - Processing file /opt/airflow/dags/welcome_dag.py for tasks to queue
[2024-07-29T05:12:43.873+0000] {logging_mixin.py:188} INFO - [2024-07-29T05:12:43.873+0000] {dagbag.py:545} INFO - Filling up the DagBag from /opt/airflow/dags/welcome_dag.py
[2024-07-29T05:12:43.890+0000] {processor.py:840} INFO - DAG(s) 'welcome_dag' retrieved from /opt/airflow/dags/welcome_dag.py
[2024-07-29T05:12:43.978+0000] {logging_mixin.py:188} INFO - [2024-07-29T05:12:43.978+0000] {dag.py:3089} INFO - Sync 1 DAGs
[2024-07-29T05:12:43.995+0000] {logging_mixin.py:188} INFO - [2024-07-29T05:12:43.995+0000] {dag.py:3947} INFO - Setting next_dagrun for welcome_dag to 2024-07-28 23:00:00+00:00, run_after=2024-07-29 23:00:00+00:00
[2024-07-29T05:12:44.197+0000] {processor.py:183} INFO - Processing /opt/airflow/dags/welcome_dag.py took 0.330 seconds
[2024-07-29T05:13:14.403+0000] {processor.py:161} INFO - Started process (PID=325) to work on /opt/airflow/dags/welcome_dag.py
[2024-07-29T05:13:14.404+0000] {processor.py:830} INFO - Processing file /opt/airflow/dags/welcome_dag.py for tasks to queue
[2024-07-29T05:13:14.405+0000] {logging_mixin.py:188} INFO - [2024-07-29T05:13:14.405+0000] {dagbag.py:545} INFO - Filling up the DagBag from /opt/airflow/dags/welcome_dag.py
[2024-07-29T05:13:14.424+0000] {processor.py:840} INFO - DAG(s) 'welcome_dag' retrieved from /opt/airflow/dags/welcome_dag.py
[2024-07-29T05:13:14.445+0000] {logging_mixin.py:188} INFO - [2024-07-29T05:13:14.445+0000] {dag.py:3089} INFO - Sync 1 DAGs
[2024-07-29T05:13:14.465+0000] {logging_mixin.py:188} INFO - [2024-07-29T05:13:14.464+0000] {dag.py:3947} INFO - Setting next_dagrun for welcome_dag to 2024-07-28 23:00:00+00:00, run_after=2024-07-29 23:00:00+00:00
[2024-07-29T05:13:14.681+0000] {processor.py:183} INFO - Processing /opt/airflow/dags/welcome_dag.py took 0.282 seconds
[2024-07-29T05:13:44.823+0000] {processor.py:161} INFO - Started process (PID=327) to work on /opt/airflow/dags/welcome_dag.py
[2024-07-29T05:13:44.824+0000] {processor.py:830} INFO - Processing file /opt/airflow/dags/welcome_dag.py for tasks to queue
[2024-07-29T05:13:44.825+0000] {logging_mixin.py:188} INFO - [2024-07-29T05:13:44.825+0000] {dagbag.py:545} INFO - Filling up the DagBag from /opt/airflow/dags/welcome_dag.py
[2024-07-29T05:13:44.843+0000] {processor.py:840} INFO - DAG(s) 'welcome_dag' retrieved from /opt/airflow/dags/welcome_dag.py
[2024-07-29T05:13:44.851+0000] {logging_mixin.py:188} INFO - [2024-07-29T05:13:44.851+0000] {dag.py:3089} INFO - Sync 1 DAGs
[2024-07-29T05:13:44.871+0000] {logging_mixin.py:188} INFO - [2024-07-29T05:13:44.870+0000] {dag.py:3947} INFO - Setting next_dagrun for welcome_dag to 2024-07-28 23:00:00+00:00, run_after=2024-07-29 23:00:00+00:00
[2024-07-29T05:13:45.043+0000] {processor.py:183} INFO - Processing /opt/airflow/dags/welcome_dag.py took 0.223 seconds
[2024-07-29T05:14:15.217+0000] {processor.py:161} INFO - Started process (PID=329) to work on /opt/airflow/dags/welcome_dag.py
[2024-07-29T05:14:15.218+0000] {processor.py:830} INFO - Processing file /opt/airflow/dags/welcome_dag.py for tasks to queue
[2024-07-29T05:14:15.219+0000] {logging_mixin.py:188} INFO - [2024-07-29T05:14:15.219+0000] {dagbag.py:545} INFO - Filling up the DagBag from /opt/airflow/dags/welcome_dag.py
[2024-07-29T05:14:15.237+0000] {processor.py:840} INFO - DAG(s) 'welcome_dag' retrieved from /opt/airflow/dags/welcome_dag.py
[2024-07-29T05:14:15.328+0000] {logging_mixin.py:188} INFO - [2024-07-29T05:14:15.328+0000] {dag.py:3089} INFO - Sync 1 DAGs
[2024-07-29T05:14:15.345+0000] {logging_mixin.py:188} INFO - [2024-07-29T05:14:15.345+0000] {dag.py:3947} INFO - Setting next_dagrun for welcome_dag to 2024-07-28 23:00:00+00:00, run_after=2024-07-29 23:00:00+00:00
[2024-07-29T05:14:15.497+0000] {processor.py:183} INFO - Processing /opt/airflow/dags/welcome_dag.py took 0.284 seconds
[2024-07-29T05:14:45.738+0000] {processor.py:161} INFO - Started process (PID=331) to work on /opt/airflow/dags/welcome_dag.py
[2024-07-29T05:14:45.739+0000] {processor.py:830} INFO - Processing file /opt/airflow/dags/welcome_dag.py for tasks to queue
[2024-07-29T05:14:45.741+0000] {logging_mixin.py:188} INFO - [2024-07-29T05:14:45.740+0000] {dagbag.py:545} INFO - Filling up the DagBag from /opt/airflow/dags/welcome_dag.py
[2024-07-29T05:14:45.757+0000] {processor.py:840} INFO - DAG(s) 'welcome_dag' retrieved from /opt/airflow/dags/welcome_dag.py
[2024-07-29T05:14:45.780+0000] {logging_mixin.py:188} INFO - [2024-07-29T05:14:45.779+0000] {dag.py:3089} INFO - Sync 1 DAGs
[2024-07-29T05:14:45.798+0000] {logging_mixin.py:188} INFO - [2024-07-29T05:14:45.798+0000] {dag.py:3947} INFO - Setting next_dagrun for welcome_dag to 2024-07-28 23:00:00+00:00, run_after=2024-07-29 23:00:00+00:00
[2024-07-29T05:14:45.977+0000] {processor.py:183} INFO - Processing /opt/airflow/dags/welcome_dag.py took 0.243 seconds
[2024-07-29T05:15:16.166+0000] {processor.py:161} INFO - Started process (PID=333) to work on /opt/airflow/dags/welcome_dag.py
[2024-07-29T05:15:16.166+0000] {processor.py:830} INFO - Processing file /opt/airflow/dags/welcome_dag.py for tasks to queue
[2024-07-29T05:15:16.168+0000] {logging_mixin.py:188} INFO - [2024-07-29T05:15:16.167+0000] {dagbag.py:545} INFO - Filling up the DagBag from /opt/airflow/dags/welcome_dag.py
[2024-07-29T05:15:16.185+0000] {processor.py:840} INFO - DAG(s) 'welcome_dag' retrieved from /opt/airflow/dags/welcome_dag.py
[2024-07-29T05:15:16.194+0000] {logging_mixin.py:188} INFO - [2024-07-29T05:15:16.194+0000] {dag.py:3089} INFO - Sync 1 DAGs
[2024-07-29T05:15:16.212+0000] {logging_mixin.py:188} INFO - [2024-07-29T05:15:16.212+0000] {dag.py:3947} INFO - Setting next_dagrun for welcome_dag to 2024-07-28 23:00:00+00:00, run_after=2024-07-29 23:00:00+00:00
[2024-07-29T05:15:16.401+0000] {processor.py:183} INFO - Processing /opt/airflow/dags/welcome_dag.py took 0.240 seconds
[2024-07-29T05:15:46.592+0000] {processor.py:161} INFO - Started process (PID=335) to work on /opt/airflow/dags/welcome_dag.py
[2024-07-29T05:15:46.593+0000] {processor.py:830} INFO - Processing file /opt/airflow/dags/welcome_dag.py for tasks to queue
[2024-07-29T05:15:46.594+0000] {logging_mixin.py:188} INFO - [2024-07-29T05:15:46.594+0000] {dagbag.py:545} INFO - Filling up the DagBag from /opt/airflow/dags/welcome_dag.py
[2024-07-29T05:15:46.612+0000] {processor.py:840} INFO - DAG(s) 'welcome_dag' retrieved from /opt/airflow/dags/welcome_dag.py
[2024-07-29T05:15:46.707+0000] {logging_mixin.py:188} INFO - [2024-07-29T05:15:46.706+0000] {dag.py:3089} INFO - Sync 1 DAGs
[2024-07-29T05:15:46.731+0000] {logging_mixin.py:188} INFO - [2024-07-29T05:15:46.731+0000] {dag.py:3947} INFO - Setting next_dagrun for welcome_dag to 2024-07-28 23:00:00+00:00, run_after=2024-07-29 23:00:00+00:00
[2024-07-29T05:15:46.934+0000] {processor.py:183} INFO - Processing /opt/airflow/dags/welcome_dag.py took 0.345 seconds
[2024-07-29T05:16:17.217+0000] {processor.py:161} INFO - Started process (PID=337) to work on /opt/airflow/dags/welcome_dag.py
[2024-07-29T05:16:17.218+0000] {processor.py:830} INFO - Processing file /opt/airflow/dags/welcome_dag.py for tasks to queue
[2024-07-29T05:16:17.219+0000] {logging_mixin.py:188} INFO - [2024-07-29T05:16:17.219+0000] {dagbag.py:545} INFO - Filling up the DagBag from /opt/airflow/dags/welcome_dag.py
[2024-07-29T05:16:17.236+0000] {processor.py:840} INFO - DAG(s) 'welcome_dag' retrieved from /opt/airflow/dags/welcome_dag.py
[2024-07-29T05:16:17.257+0000] {logging_mixin.py:188} INFO - [2024-07-29T05:16:17.257+0000] {dag.py:3089} INFO - Sync 1 DAGs
[2024-07-29T05:16:17.275+0000] {logging_mixin.py:188} INFO - [2024-07-29T05:16:17.275+0000] {dag.py:3947} INFO - Setting next_dagrun for welcome_dag to 2024-07-28 23:00:00+00:00, run_after=2024-07-29 23:00:00+00:00
[2024-07-29T05:16:17.408+0000] {processor.py:183} INFO - Processing /opt/airflow/dags/welcome_dag.py took 0.195 seconds
[2024-07-29T05:16:47.641+0000] {processor.py:161} INFO - Started process (PID=339) to work on /opt/airflow/dags/welcome_dag.py
[2024-07-29T05:16:47.642+0000] {processor.py:830} INFO - Processing file /opt/airflow/dags/welcome_dag.py for tasks to queue
[2024-07-29T05:16:47.643+0000] {logging_mixin.py:188} INFO - [2024-07-29T05:16:47.643+0000] {dagbag.py:545} INFO - Filling up the DagBag from /opt/airflow/dags/welcome_dag.py
[2024-07-29T05:16:47.660+0000] {processor.py:840} INFO - DAG(s) 'welcome_dag' retrieved from /opt/airflow/dags/welcome_dag.py
[2024-07-29T05:16:47.669+0000] {logging_mixin.py:188} INFO - [2024-07-29T05:16:47.669+0000] {dag.py:3089} INFO - Sync 1 DAGs
[2024-07-29T05:16:47.687+0000] {logging_mixin.py:188} INFO - [2024-07-29T05:16:47.687+0000] {dag.py:3947} INFO - Setting next_dagrun for welcome_dag to 2024-07-28 23:00:00+00:00, run_after=2024-07-29 23:00:00+00:00
[2024-07-29T05:16:47.858+0000] {processor.py:183} INFO - Processing /opt/airflow/dags/welcome_dag.py took 0.221 seconds
[2024-07-29T05:17:18.043+0000] {processor.py:161} INFO - Started process (PID=341) to work on /opt/airflow/dags/welcome_dag.py
[2024-07-29T05:17:18.043+0000] {processor.py:830} INFO - Processing file /opt/airflow/dags/welcome_dag.py for tasks to queue
[2024-07-29T05:17:18.045+0000] {logging_mixin.py:188} INFO - [2024-07-29T05:17:18.045+0000] {dagbag.py:545} INFO - Filling up the DagBag from /opt/airflow/dags/welcome_dag.py
[2024-07-29T05:17:18.063+0000] {processor.py:840} INFO - DAG(s) 'welcome_dag' retrieved from /opt/airflow/dags/welcome_dag.py
[2024-07-29T05:17:18.153+0000] {logging_mixin.py:188} INFO - [2024-07-29T05:17:18.153+0000] {dag.py:3089} INFO - Sync 1 DAGs
[2024-07-29T05:17:18.171+0000] {logging_mixin.py:188} INFO - [2024-07-29T05:17:18.170+0000] {dag.py:3947} INFO - Setting next_dagrun for welcome_dag to 2024-07-28 23:00:00+00:00, run_after=2024-07-29 23:00:00+00:00
[2024-07-29T05:17:18.341+0000] {processor.py:183} INFO - Processing /opt/airflow/dags/welcome_dag.py took 0.302 seconds
[2024-07-29T05:17:48.563+0000] {processor.py:161} INFO - Started process (PID=343) to work on /opt/airflow/dags/welcome_dag.py
[2024-07-29T05:17:48.564+0000] {processor.py:830} INFO - Processing file /opt/airflow/dags/welcome_dag.py for tasks to queue
[2024-07-29T05:17:48.565+0000] {logging_mixin.py:188} INFO - [2024-07-29T05:17:48.565+0000] {dagbag.py:545} INFO - Filling up the DagBag from /opt/airflow/dags/welcome_dag.py
[2024-07-29T05:17:48.584+0000] {processor.py:840} INFO - DAG(s) 'welcome_dag' retrieved from /opt/airflow/dags/welcome_dag.py
[2024-07-29T05:17:48.607+0000] {logging_mixin.py:188} INFO - [2024-07-29T05:17:48.607+0000] {dag.py:3089} INFO - Sync 1 DAGs
[2024-07-29T05:17:48.626+0000] {logging_mixin.py:188} INFO - [2024-07-29T05:17:48.626+0000] {dag.py:3947} INFO - Setting next_dagrun for welcome_dag to 2024-07-28 23:00:00+00:00, run_after=2024-07-29 23:00:00+00:00
[2024-07-29T05:17:48.821+0000] {processor.py:183} INFO - Processing /opt/airflow/dags/welcome_dag.py took 0.262 seconds
[2024-07-29T05:18:18.974+0000] {processor.py:161} INFO - Started process (PID=345) to work on /opt/airflow/dags/welcome_dag.py
[2024-07-29T05:18:18.975+0000] {processor.py:830} INFO - Processing file /opt/airflow/dags/welcome_dag.py for tasks to queue
[2024-07-29T05:18:18.976+0000] {logging_mixin.py:188} INFO - [2024-07-29T05:18:18.976+0000] {dagbag.py:545} INFO - Filling up the DagBag from /opt/airflow/dags/welcome_dag.py
[2024-07-29T05:18:18.993+0000] {processor.py:840} INFO - DAG(s) 'welcome_dag' retrieved from /opt/airflow/dags/welcome_dag.py
[2024-07-29T05:18:19.015+0000] {logging_mixin.py:188} INFO - [2024-07-29T05:18:19.015+0000] {dag.py:3089} INFO - Sync 1 DAGs
[2024-07-29T05:18:19.034+0000] {logging_mixin.py:188} INFO - [2024-07-29T05:18:19.034+0000] {dag.py:3947} INFO - Setting next_dagrun for welcome_dag to 2024-07-28 23:00:00+00:00, run_after=2024-07-29 23:00:00+00:00
[2024-07-29T05:18:19.201+0000] {processor.py:183} INFO - Processing /opt/airflow/dags/welcome_dag.py took 0.232 seconds
[2024-07-29T05:18:49.410+0000] {processor.py:161} INFO - Started process (PID=347) to work on /opt/airflow/dags/welcome_dag.py
[2024-07-29T05:18:49.411+0000] {processor.py:830} INFO - Processing file /opt/airflow/dags/welcome_dag.py for tasks to queue
[2024-07-29T05:18:49.414+0000] {logging_mixin.py:188} INFO - [2024-07-29T05:18:49.413+0000] {dagbag.py:545} INFO - Filling up the DagBag from /opt/airflow/dags/welcome_dag.py
[2024-07-29T05:18:49.433+0000] {processor.py:840} INFO - DAG(s) 'welcome_dag' retrieved from /opt/airflow/dags/welcome_dag.py
[2024-07-29T05:18:49.460+0000] {logging_mixin.py:188} INFO - [2024-07-29T05:18:49.459+0000] {dag.py:3089} INFO - Sync 1 DAGs
[2024-07-29T05:18:49.478+0000] {logging_mixin.py:188} INFO - [2024-07-29T05:18:49.478+0000] {dag.py:3947} INFO - Setting next_dagrun for welcome_dag to 2024-07-28 23:00:00+00:00, run_after=2024-07-29 23:00:00+00:00
[2024-07-29T05:18:49.663+0000] {processor.py:183} INFO - Processing /opt/airflow/dags/welcome_dag.py took 0.259 seconds
[2024-07-29T05:19:19.825+0000] {processor.py:161} INFO - Started process (PID=349) to work on /opt/airflow/dags/welcome_dag.py
[2024-07-29T05:19:19.826+0000] {processor.py:830} INFO - Processing file /opt/airflow/dags/welcome_dag.py for tasks to queue
[2024-07-29T05:19:19.827+0000] {logging_mixin.py:188} INFO - [2024-07-29T05:19:19.827+0000] {dagbag.py:545} INFO - Filling up the DagBag from /opt/airflow/dags/welcome_dag.py
[2024-07-29T05:19:19.845+0000] {processor.py:840} INFO - DAG(s) 'welcome_dag' retrieved from /opt/airflow/dags/welcome_dag.py
[2024-07-29T05:19:19.869+0000] {logging_mixin.py:188} INFO - [2024-07-29T05:19:19.869+0000] {dag.py:3089} INFO - Sync 1 DAGs
[2024-07-29T05:19:19.889+0000] {logging_mixin.py:188} INFO - [2024-07-29T05:19:19.889+0000] {dag.py:3947} INFO - Setting next_dagrun for welcome_dag to 2024-07-28 23:00:00+00:00, run_after=2024-07-29 23:00:00+00:00
[2024-07-29T05:19:20.010+0000] {processor.py:183} INFO - Processing /opt/airflow/dags/welcome_dag.py took 0.188 seconds
[2024-07-29T05:19:50.159+0000] {processor.py:161} INFO - Started process (PID=351) to work on /opt/airflow/dags/welcome_dag.py
[2024-07-29T05:19:50.159+0000] {processor.py:830} INFO - Processing file /opt/airflow/dags/welcome_dag.py for tasks to queue
[2024-07-29T05:19:50.161+0000] {logging_mixin.py:188} INFO - [2024-07-29T05:19:50.160+0000] {dagbag.py:545} INFO - Filling up the DagBag from /opt/airflow/dags/welcome_dag.py
[2024-07-29T05:19:50.179+0000] {processor.py:840} INFO - DAG(s) 'welcome_dag' retrieved from /opt/airflow/dags/welcome_dag.py
[2024-07-29T05:19:50.202+0000] {logging_mixin.py:188} INFO - [2024-07-29T05:19:50.202+0000] {dag.py:3089} INFO - Sync 1 DAGs
[2024-07-29T05:19:50.220+0000] {logging_mixin.py:188} INFO - [2024-07-29T05:19:50.220+0000] {dag.py:3947} INFO - Setting next_dagrun for welcome_dag to 2024-07-28 23:00:00+00:00, run_after=2024-07-29 23:00:00+00:00
[2024-07-29T05:19:50.495+0000] {processor.py:183} INFO - Processing /opt/airflow/dags/welcome_dag.py took 0.340 seconds
[2024-07-29T05:20:20.620+0000] {processor.py:161} INFO - Started process (PID=353) to work on /opt/airflow/dags/welcome_dag.py
[2024-07-29T05:20:20.621+0000] {processor.py:830} INFO - Processing file /opt/airflow/dags/welcome_dag.py for tasks to queue
[2024-07-29T05:20:20.622+0000] {logging_mixin.py:188} INFO - [2024-07-29T05:20:20.622+0000] {dagbag.py:545} INFO - Filling up the DagBag from /opt/airflow/dags/welcome_dag.py
[2024-07-29T05:20:20.640+0000] {processor.py:840} INFO - DAG(s) 'welcome_dag' retrieved from /opt/airflow/dags/welcome_dag.py
[2024-07-29T05:20:20.662+0000] {logging_mixin.py:188} INFO - [2024-07-29T05:20:20.662+0000] {dag.py:3089} INFO - Sync 1 DAGs
[2024-07-29T05:20:20.681+0000] {logging_mixin.py:188} INFO - [2024-07-29T05:20:20.681+0000] {dag.py:3947} INFO - Setting next_dagrun for welcome_dag to 2024-07-28 23:00:00+00:00, run_after=2024-07-29 23:00:00+00:00
[2024-07-29T05:20:20.796+0000] {processor.py:183} INFO - Processing /opt/airflow/dags/welcome_dag.py took 0.181 seconds
[2024-07-29T05:20:50.856+0000] {processor.py:161} INFO - Started process (PID=355) to work on /opt/airflow/dags/welcome_dag.py
[2024-07-29T05:20:50.857+0000] {processor.py:830} INFO - Processing file /opt/airflow/dags/welcome_dag.py for tasks to queue
[2024-07-29T05:20:50.859+0000] {logging_mixin.py:188} INFO - [2024-07-29T05:20:50.858+0000] {dagbag.py:545} INFO - Filling up the DagBag from /opt/airflow/dags/welcome_dag.py
[2024-07-29T05:20:50.876+0000] {processor.py:840} INFO - DAG(s) 'welcome_dag' retrieved from /opt/airflow/dags/welcome_dag.py
[2024-07-29T05:20:50.901+0000] {logging_mixin.py:188} INFO - [2024-07-29T05:20:50.901+0000] {dag.py:3089} INFO - Sync 1 DAGs
[2024-07-29T05:20:50.920+0000] {logging_mixin.py:188} INFO - [2024-07-29T05:20:50.920+0000] {dag.py:3947} INFO - Setting next_dagrun for welcome_dag to 2024-07-28 23:00:00+00:00, run_after=2024-07-29 23:00:00+00:00
[2024-07-29T05:20:51.091+0000] {processor.py:183} INFO - Processing /opt/airflow/dags/welcome_dag.py took 0.239 seconds
[2024-07-29T05:21:21.340+0000] {processor.py:161} INFO - Started process (PID=357) to work on /opt/airflow/dags/welcome_dag.py
[2024-07-29T05:21:21.341+0000] {processor.py:830} INFO - Processing file /opt/airflow/dags/welcome_dag.py for tasks to queue
[2024-07-29T05:21:21.342+0000] {logging_mixin.py:188} INFO - [2024-07-29T05:21:21.342+0000] {dagbag.py:545} INFO - Filling up the DagBag from /opt/airflow/dags/welcome_dag.py
[2024-07-29T05:21:21.360+0000] {processor.py:840} INFO - DAG(s) 'welcome_dag' retrieved from /opt/airflow/dags/welcome_dag.py
[2024-07-29T05:21:21.386+0000] {logging_mixin.py:188} INFO - [2024-07-29T05:21:21.386+0000] {dag.py:3089} INFO - Sync 1 DAGs
[2024-07-29T05:21:21.406+0000] {logging_mixin.py:188} INFO - [2024-07-29T05:21:21.405+0000] {dag.py:3947} INFO - Setting next_dagrun for welcome_dag to 2024-07-28 23:00:00+00:00, run_after=2024-07-29 23:00:00+00:00
[2024-07-29T05:21:21.561+0000] {processor.py:183} INFO - Processing /opt/airflow/dags/welcome_dag.py took 0.225 seconds
[2024-07-29T05:21:51.762+0000] {processor.py:161} INFO - Started process (PID=359) to work on /opt/airflow/dags/welcome_dag.py
[2024-07-29T05:21:51.763+0000] {processor.py:830} INFO - Processing file /opt/airflow/dags/welcome_dag.py for tasks to queue
[2024-07-29T05:21:51.764+0000] {logging_mixin.py:188} INFO - [2024-07-29T05:21:51.764+0000] {dagbag.py:545} INFO - Filling up the DagBag from /opt/airflow/dags/welcome_dag.py
[2024-07-29T05:21:51.782+0000] {processor.py:840} INFO - DAG(s) 'welcome_dag' retrieved from /opt/airflow/dags/welcome_dag.py
[2024-07-29T05:21:51.805+0000] {logging_mixin.py:188} INFO - [2024-07-29T05:21:51.805+0000] {dag.py:3089} INFO - Sync 1 DAGs
[2024-07-29T05:21:51.825+0000] {logging_mixin.py:188} INFO - [2024-07-29T05:21:51.825+0000] {dag.py:3947} INFO - Setting next_dagrun for welcome_dag to 2024-07-28 23:00:00+00:00, run_after=2024-07-29 23:00:00+00:00
[2024-07-29T05:21:51.988+0000] {processor.py:183} INFO - Processing /opt/airflow/dags/welcome_dag.py took 0.230 seconds
[2024-07-29T05:22:22.189+0000] {processor.py:161} INFO - Started process (PID=361) to work on /opt/airflow/dags/welcome_dag.py
[2024-07-29T05:22:22.190+0000] {processor.py:830} INFO - Processing file /opt/airflow/dags/welcome_dag.py for tasks to queue
[2024-07-29T05:22:22.192+0000] {logging_mixin.py:188} INFO - [2024-07-29T05:22:22.191+0000] {dagbag.py:545} INFO - Filling up the DagBag from /opt/airflow/dags/welcome_dag.py
[2024-07-29T05:22:22.210+0000] {processor.py:840} INFO - DAG(s) 'welcome_dag' retrieved from /opt/airflow/dags/welcome_dag.py
[2024-07-29T05:22:22.232+0000] {logging_mixin.py:188} INFO - [2024-07-29T05:22:22.232+0000] {dag.py:3089} INFO - Sync 1 DAGs
[2024-07-29T05:22:22.250+0000] {logging_mixin.py:188} INFO - [2024-07-29T05:22:22.250+0000] {dag.py:3947} INFO - Setting next_dagrun for welcome_dag to 2024-07-28 23:00:00+00:00, run_after=2024-07-29 23:00:00+00:00
[2024-07-29T05:22:22.394+0000] {processor.py:183} INFO - Processing /opt/airflow/dags/welcome_dag.py took 0.209 seconds
[2024-07-29T05:22:52.615+0000] {processor.py:161} INFO - Started process (PID=363) to work on /opt/airflow/dags/welcome_dag.py
[2024-07-29T05:22:52.616+0000] {processor.py:830} INFO - Processing file /opt/airflow/dags/welcome_dag.py for tasks to queue
[2024-07-29T05:22:52.617+0000] {logging_mixin.py:188} INFO - [2024-07-29T05:22:52.617+0000] {dagbag.py:545} INFO - Filling up the DagBag from /opt/airflow/dags/welcome_dag.py
[2024-07-29T05:22:52.635+0000] {processor.py:840} INFO - DAG(s) 'welcome_dag' retrieved from /opt/airflow/dags/welcome_dag.py
[2024-07-29T05:22:52.658+0000] {logging_mixin.py:188} INFO - [2024-07-29T05:22:52.658+0000] {dag.py:3089} INFO - Sync 1 DAGs
[2024-07-29T05:22:52.678+0000] {logging_mixin.py:188} INFO - [2024-07-29T05:22:52.678+0000] {dag.py:3947} INFO - Setting next_dagrun for welcome_dag to 2024-07-28 23:00:00+00:00, run_after=2024-07-29 23:00:00+00:00
[2024-07-29T05:22:52.830+0000] {processor.py:183} INFO - Processing /opt/airflow/dags/welcome_dag.py took 0.220 seconds
[2024-07-29T05:23:23.041+0000] {processor.py:161} INFO - Started process (PID=365) to work on /opt/airflow/dags/welcome_dag.py
[2024-07-29T05:23:23.041+0000] {processor.py:830} INFO - Processing file /opt/airflow/dags/welcome_dag.py for tasks to queue
[2024-07-29T05:23:23.043+0000] {logging_mixin.py:188} INFO - [2024-07-29T05:23:23.043+0000] {dagbag.py:545} INFO - Filling up the DagBag from /opt/airflow/dags/welcome_dag.py
[2024-07-29T05:23:23.061+0000] {processor.py:840} INFO - DAG(s) 'welcome_dag' retrieved from /opt/airflow/dags/welcome_dag.py
[2024-07-29T05:23:23.085+0000] {logging_mixin.py:188} INFO - [2024-07-29T05:23:23.085+0000] {dag.py:3089} INFO - Sync 1 DAGs
[2024-07-29T05:23:23.104+0000] {logging_mixin.py:188} INFO - [2024-07-29T05:23:23.104+0000] {dag.py:3947} INFO - Setting next_dagrun for welcome_dag to 2024-07-28 23:00:00+00:00, run_after=2024-07-29 23:00:00+00:00
[2024-07-29T05:23:23.235+0000] {processor.py:183} INFO - Processing /opt/airflow/dags/welcome_dag.py took 0.198 seconds
[2024-07-29T05:23:53.451+0000] {processor.py:161} INFO - Started process (PID=367) to work on /opt/airflow/dags/welcome_dag.py
[2024-07-29T05:23:53.451+0000] {processor.py:830} INFO - Processing file /opt/airflow/dags/welcome_dag.py for tasks to queue
[2024-07-29T05:23:53.453+0000] {logging_mixin.py:188} INFO - [2024-07-29T05:23:53.452+0000] {dagbag.py:545} INFO - Filling up the DagBag from /opt/airflow/dags/welcome_dag.py
[2024-07-29T05:23:53.471+0000] {processor.py:840} INFO - DAG(s) 'welcome_dag' retrieved from /opt/airflow/dags/welcome_dag.py
[2024-07-29T05:23:53.494+0000] {logging_mixin.py:188} INFO - [2024-07-29T05:23:53.494+0000] {dag.py:3089} INFO - Sync 1 DAGs
[2024-07-29T05:23:53.513+0000] {logging_mixin.py:188} INFO - [2024-07-29T05:23:53.512+0000] {dag.py:3947} INFO - Setting next_dagrun for welcome_dag to 2024-07-28 23:00:00+00:00, run_after=2024-07-29 23:00:00+00:00
[2024-07-29T05:23:53.716+0000] {processor.py:183} INFO - Processing /opt/airflow/dags/welcome_dag.py took 0.269 seconds
[2024-07-29T05:24:24.185+0000] {processor.py:161} INFO - Started process (PID=369) to work on /opt/airflow/dags/welcome_dag.py
[2024-07-29T05:24:24.186+0000] {processor.py:830} INFO - Processing file /opt/airflow/dags/welcome_dag.py for tasks to queue
[2024-07-29T05:24:24.187+0000] {logging_mixin.py:188} INFO - [2024-07-29T05:24:24.187+0000] {dagbag.py:545} INFO - Filling up the DagBag from /opt/airflow/dags/welcome_dag.py
[2024-07-29T05:24:24.205+0000] {processor.py:840} INFO - DAG(s) 'welcome_dag' retrieved from /opt/airflow/dags/welcome_dag.py
[2024-07-29T05:24:24.227+0000] {logging_mixin.py:188} INFO - [2024-07-29T05:24:24.227+0000] {dag.py:3089} INFO - Sync 1 DAGs
[2024-07-29T05:24:24.246+0000] {logging_mixin.py:188} INFO - [2024-07-29T05:24:24.246+0000] {dag.py:3947} INFO - Setting next_dagrun for welcome_dag to 2024-07-28 23:00:00+00:00, run_after=2024-07-29 23:00:00+00:00
[2024-07-29T05:24:24.400+0000] {processor.py:183} INFO - Processing /opt/airflow/dags/welcome_dag.py took 0.219 seconds
[2024-07-29T05:24:54.610+0000] {processor.py:161} INFO - Started process (PID=371) to work on /opt/airflow/dags/welcome_dag.py
[2024-07-29T05:24:54.610+0000] {processor.py:830} INFO - Processing file /opt/airflow/dags/welcome_dag.py for tasks to queue
[2024-07-29T05:24:54.612+0000] {logging_mixin.py:188} INFO - [2024-07-29T05:24:54.612+0000] {dagbag.py:545} INFO - Filling up the DagBag from /opt/airflow/dags/welcome_dag.py
[2024-07-29T05:24:54.630+0000] {processor.py:840} INFO - DAG(s) 'welcome_dag' retrieved from /opt/airflow/dags/welcome_dag.py
[2024-07-29T05:24:54.653+0000] {logging_mixin.py:188} INFO - [2024-07-29T05:24:54.653+0000] {dag.py:3089} INFO - Sync 1 DAGs
[2024-07-29T05:24:54.674+0000] {logging_mixin.py:188} INFO - [2024-07-29T05:24:54.674+0000] {dag.py:3947} INFO - Setting next_dagrun for welcome_dag to 2024-07-28 23:00:00+00:00, run_after=2024-07-29 23:00:00+00:00
[2024-07-29T05:24:54.849+0000] {processor.py:183} INFO - Processing /opt/airflow/dags/welcome_dag.py took 0.243 seconds
[2024-07-29T05:25:51.561+0000] {processor.py:161} INFO - Started process (PID=391) to work on /opt/airflow/dags/welcome_dag.py
[2024-07-29T05:25:51.562+0000] {processor.py:830} INFO - Processing file /opt/airflow/dags/welcome_dag.py for tasks to queue
[2024-07-29T05:25:51.563+0000] {logging_mixin.py:188} INFO - [2024-07-29T05:25:51.563+0000] {dagbag.py:545} INFO - Filling up the DagBag from /opt/airflow/dags/welcome_dag.py
[2024-07-29T05:25:51.582+0000] {processor.py:840} INFO - DAG(s) 'welcome_dag' retrieved from /opt/airflow/dags/welcome_dag.py
[2024-07-29T05:25:51.604+0000] {logging_mixin.py:188} INFO - [2024-07-29T05:25:51.604+0000] {dag.py:3089} INFO - Sync 1 DAGs
[2024-07-29T05:25:51.623+0000] {logging_mixin.py:188} INFO - [2024-07-29T05:25:51.623+0000] {dag.py:3947} INFO - Setting next_dagrun for welcome_dag to 2024-07-28 23:00:00+00:00, run_after=2024-07-29 23:00:00+00:00
[2024-07-29T05:25:51.773+0000] {processor.py:183} INFO - Processing /opt/airflow/dags/welcome_dag.py took 0.215 seconds
[2024-07-29T05:26:22.370+0000] {processor.py:161} INFO - Started process (PID=393) to work on /opt/airflow/dags/welcome_dag.py
[2024-07-29T05:26:22.371+0000] {processor.py:830} INFO - Processing file /opt/airflow/dags/welcome_dag.py for tasks to queue
[2024-07-29T05:26:22.373+0000] {logging_mixin.py:188} INFO - [2024-07-29T05:26:22.372+0000] {dagbag.py:545} INFO - Filling up the DagBag from /opt/airflow/dags/welcome_dag.py
[2024-07-29T05:26:22.393+0000] {processor.py:840} INFO - DAG(s) 'welcome_dag' retrieved from /opt/airflow/dags/welcome_dag.py
[2024-07-29T05:26:22.421+0000] {logging_mixin.py:188} INFO - [2024-07-29T05:26:22.421+0000] {dag.py:3089} INFO - Sync 1 DAGs
[2024-07-29T05:26:22.441+0000] {logging_mixin.py:188} INFO - [2024-07-29T05:26:22.441+0000] {dag.py:3947} INFO - Setting next_dagrun for welcome_dag to 2024-07-28 23:00:00+00:00, run_after=2024-07-29 23:00:00+00:00
[2024-07-29T05:26:22.617+0000] {processor.py:183} INFO - Processing /opt/airflow/dags/welcome_dag.py took 0.251 seconds
[2024-07-29T05:26:53.689+0000] {processor.py:161} INFO - Started process (PID=395) to work on /opt/airflow/dags/welcome_dag.py
[2024-07-29T05:26:53.690+0000] {processor.py:830} INFO - Processing file /opt/airflow/dags/welcome_dag.py for tasks to queue
[2024-07-29T05:26:53.691+0000] {logging_mixin.py:188} INFO - [2024-07-29T05:26:53.691+0000] {dagbag.py:545} INFO - Filling up the DagBag from /opt/airflow/dags/welcome_dag.py
[2024-07-29T05:26:53.710+0000] {processor.py:840} INFO - DAG(s) 'welcome_dag' retrieved from /opt/airflow/dags/welcome_dag.py
[2024-07-29T05:26:53.732+0000] {logging_mixin.py:188} INFO - [2024-07-29T05:26:53.732+0000] {dag.py:3089} INFO - Sync 1 DAGs
[2024-07-29T05:26:53.751+0000] {logging_mixin.py:188} INFO - [2024-07-29T05:26:53.751+0000] {dag.py:3947} INFO - Setting next_dagrun for welcome_dag to 2024-07-28 23:00:00+00:00, run_after=2024-07-29 23:00:00+00:00
[2024-07-29T05:26:53.920+0000] {processor.py:183} INFO - Processing /opt/airflow/dags/welcome_dag.py took 0.234 seconds
[2024-07-29T05:27:24.908+0000] {processor.py:161} INFO - Started process (PID=397) to work on /opt/airflow/dags/welcome_dag.py
[2024-07-29T05:27:24.908+0000] {processor.py:830} INFO - Processing file /opt/airflow/dags/welcome_dag.py for tasks to queue
[2024-07-29T05:27:24.910+0000] {logging_mixin.py:188} INFO - [2024-07-29T05:27:24.910+0000] {dagbag.py:545} INFO - Filling up the DagBag from /opt/airflow/dags/welcome_dag.py
[2024-07-29T05:27:24.928+0000] {processor.py:840} INFO - DAG(s) 'welcome_dag' retrieved from /opt/airflow/dags/welcome_dag.py
[2024-07-29T05:27:24.950+0000] {logging_mixin.py:188} INFO - [2024-07-29T05:27:24.950+0000] {dag.py:3089} INFO - Sync 1 DAGs
[2024-07-29T05:27:24.968+0000] {logging_mixin.py:188} INFO - [2024-07-29T05:27:24.968+0000] {dag.py:3947} INFO - Setting next_dagrun for welcome_dag to 2024-07-28 23:00:00+00:00, run_after=2024-07-29 23:00:00+00:00
[2024-07-29T05:27:25.098+0000] {processor.py:183} INFO - Processing /opt/airflow/dags/welcome_dag.py took 0.195 seconds
[2024-07-29T05:27:56.104+0000] {processor.py:161} INFO - Started process (PID=399) to work on /opt/airflow/dags/welcome_dag.py
[2024-07-29T05:27:56.105+0000] {processor.py:830} INFO - Processing file /opt/airflow/dags/welcome_dag.py for tasks to queue
[2024-07-29T05:27:56.106+0000] {logging_mixin.py:188} INFO - [2024-07-29T05:27:56.106+0000] {dagbag.py:545} INFO - Filling up the DagBag from /opt/airflow/dags/welcome_dag.py
[2024-07-29T05:27:56.124+0000] {processor.py:840} INFO - DAG(s) 'welcome_dag' retrieved from /opt/airflow/dags/welcome_dag.py
[2024-07-29T05:27:56.146+0000] {logging_mixin.py:188} INFO - [2024-07-29T05:27:56.146+0000] {dag.py:3089} INFO - Sync 1 DAGs
[2024-07-29T05:27:56.165+0000] {logging_mixin.py:188} INFO - [2024-07-29T05:27:56.165+0000] {dag.py:3947} INFO - Setting next_dagrun for welcome_dag to 2024-07-28 23:00:00+00:00, run_after=2024-07-29 23:00:00+00:00
[2024-07-29T05:27:56.334+0000] {processor.py:183} INFO - Processing /opt/airflow/dags/welcome_dag.py took 0.233 seconds
[2024-07-29T05:28:27.181+0000] {processor.py:161} INFO - Started process (PID=401) to work on /opt/airflow/dags/welcome_dag.py
[2024-07-29T05:28:27.182+0000] {processor.py:830} INFO - Processing file /opt/airflow/dags/welcome_dag.py for tasks to queue
[2024-07-29T05:28:27.183+0000] {logging_mixin.py:188} INFO - [2024-07-29T05:28:27.183+0000] {dagbag.py:545} INFO - Filling up the DagBag from /opt/airflow/dags/welcome_dag.py
[2024-07-29T05:28:27.200+0000] {processor.py:840} INFO - DAG(s) 'welcome_dag' retrieved from /opt/airflow/dags/welcome_dag.py
[2024-07-29T05:28:27.222+0000] {logging_mixin.py:188} INFO - [2024-07-29T05:28:27.222+0000] {dag.py:3089} INFO - Sync 1 DAGs
[2024-07-29T05:28:27.240+0000] {logging_mixin.py:188} INFO - [2024-07-29T05:28:27.240+0000] {dag.py:3947} INFO - Setting next_dagrun for welcome_dag to 2024-07-28 23:00:00+00:00, run_after=2024-07-29 23:00:00+00:00
[2024-07-29T05:28:27.419+0000] {processor.py:183} INFO - Processing /opt/airflow/dags/welcome_dag.py took 0.241 seconds
[2024-07-29T05:28:58.400+0000] {processor.py:161} INFO - Started process (PID=403) to work on /opt/airflow/dags/welcome_dag.py
[2024-07-29T05:28:58.400+0000] {processor.py:830} INFO - Processing file /opt/airflow/dags/welcome_dag.py for tasks to queue
[2024-07-29T05:28:58.402+0000] {logging_mixin.py:188} INFO - [2024-07-29T05:28:58.402+0000] {dagbag.py:545} INFO - Filling up the DagBag from /opt/airflow/dags/welcome_dag.py
[2024-07-29T05:28:58.420+0000] {processor.py:840} INFO - DAG(s) 'welcome_dag' retrieved from /opt/airflow/dags/welcome_dag.py
[2024-07-29T05:28:58.442+0000] {logging_mixin.py:188} INFO - [2024-07-29T05:28:58.442+0000] {dag.py:3089} INFO - Sync 1 DAGs
[2024-07-29T05:28:58.460+0000] {logging_mixin.py:188} INFO - [2024-07-29T05:28:58.460+0000] {dag.py:3947} INFO - Setting next_dagrun for welcome_dag to 2024-07-28 23:00:00+00:00, run_after=2024-07-29 23:00:00+00:00
[2024-07-29T05:28:58.609+0000] {processor.py:183} INFO - Processing /opt/airflow/dags/welcome_dag.py took 0.213 seconds
[2024-07-29T05:29:39.712+0000] {processor.py:161} INFO - Started process (PID=422) to work on /opt/airflow/dags/welcome_dag.py
[2024-07-29T05:29:39.712+0000] {processor.py:830} INFO - Processing file /opt/airflow/dags/welcome_dag.py for tasks to queue
[2024-07-29T05:29:39.714+0000] {logging_mixin.py:188} INFO - [2024-07-29T05:29:39.714+0000] {dagbag.py:545} INFO - Filling up the DagBag from /opt/airflow/dags/welcome_dag.py
[2024-07-29T05:29:39.731+0000] {processor.py:840} INFO - DAG(s) 'welcome_dag' retrieved from /opt/airflow/dags/welcome_dag.py
[2024-07-29T05:29:39.753+0000] {logging_mixin.py:188} INFO - [2024-07-29T05:29:39.753+0000] {dag.py:3089} INFO - Sync 1 DAGs
[2024-07-29T05:29:39.771+0000] {logging_mixin.py:188} INFO - [2024-07-29T05:29:39.771+0000] {dag.py:3947} INFO - Setting next_dagrun for welcome_dag to 2024-07-28 23:00:00+00:00, run_after=2024-07-29 23:00:00+00:00
[2024-07-29T05:29:40.031+0000] {processor.py:183} INFO - Processing /opt/airflow/dags/welcome_dag.py took 0.323 seconds
[2024-07-29T05:30:10.215+0000] {processor.py:161} INFO - Started process (PID=424) to work on /opt/airflow/dags/welcome_dag.py
[2024-07-29T05:30:10.216+0000] {processor.py:830} INFO - Processing file /opt/airflow/dags/welcome_dag.py for tasks to queue
[2024-07-29T05:30:10.217+0000] {logging_mixin.py:188} INFO - [2024-07-29T05:30:10.217+0000] {dagbag.py:545} INFO - Filling up the DagBag from /opt/airflow/dags/welcome_dag.py
[2024-07-29T05:30:10.235+0000] {processor.py:840} INFO - DAG(s) 'welcome_dag' retrieved from /opt/airflow/dags/welcome_dag.py
[2024-07-29T05:30:10.257+0000] {logging_mixin.py:188} INFO - [2024-07-29T05:30:10.257+0000] {dag.py:3089} INFO - Sync 1 DAGs
[2024-07-29T05:30:10.276+0000] {logging_mixin.py:188} INFO - [2024-07-29T05:30:10.276+0000] {dag.py:3947} INFO - Setting next_dagrun for welcome_dag to 2024-07-28 23:00:00+00:00, run_after=2024-07-29 23:00:00+00:00
[2024-07-29T05:30:10.390+0000] {processor.py:183} INFO - Processing /opt/airflow/dags/welcome_dag.py took 0.178 seconds
[2024-07-29T05:30:41.298+0000] {processor.py:161} INFO - Started process (PID=426) to work on /opt/airflow/dags/welcome_dag.py
[2024-07-29T05:30:41.299+0000] {processor.py:830} INFO - Processing file /opt/airflow/dags/welcome_dag.py for tasks to queue
[2024-07-29T05:30:41.300+0000] {logging_mixin.py:188} INFO - [2024-07-29T05:30:41.300+0000] {dagbag.py:545} INFO - Filling up the DagBag from /opt/airflow/dags/welcome_dag.py
[2024-07-29T05:30:41.317+0000] {processor.py:840} INFO - DAG(s) 'welcome_dag' retrieved from /opt/airflow/dags/welcome_dag.py
[2024-07-29T05:30:41.340+0000] {logging_mixin.py:188} INFO - [2024-07-29T05:30:41.340+0000] {dag.py:3089} INFO - Sync 1 DAGs
[2024-07-29T05:30:41.358+0000] {logging_mixin.py:188} INFO - [2024-07-29T05:30:41.358+0000] {dag.py:3947} INFO - Setting next_dagrun for welcome_dag to 2024-07-28 23:00:00+00:00, run_after=2024-07-29 23:00:00+00:00
[2024-07-29T05:30:41.480+0000] {processor.py:183} INFO - Processing /opt/airflow/dags/welcome_dag.py took 0.186 seconds
[2024-07-29T05:31:11.761+0000] {processor.py:161} INFO - Started process (PID=428) to work on /opt/airflow/dags/welcome_dag.py
[2024-07-29T05:31:11.762+0000] {processor.py:830} INFO - Processing file /opt/airflow/dags/welcome_dag.py for tasks to queue
[2024-07-29T05:31:11.763+0000] {logging_mixin.py:188} INFO - [2024-07-29T05:31:11.763+0000] {dagbag.py:545} INFO - Filling up the DagBag from /opt/airflow/dags/welcome_dag.py
[2024-07-29T05:31:11.782+0000] {processor.py:840} INFO - DAG(s) 'welcome_dag' retrieved from /opt/airflow/dags/welcome_dag.py
[2024-07-29T05:31:11.805+0000] {logging_mixin.py:188} INFO - [2024-07-29T05:31:11.805+0000] {dag.py:3089} INFO - Sync 1 DAGs
[2024-07-29T05:31:11.823+0000] {logging_mixin.py:188} INFO - [2024-07-29T05:31:11.823+0000] {dag.py:3947} INFO - Setting next_dagrun for welcome_dag to 2024-07-28 23:00:00+00:00, run_after=2024-07-29 23:00:00+00:00
[2024-07-29T05:31:11.962+0000] {processor.py:183} INFO - Processing /opt/airflow/dags/welcome_dag.py took 0.206 seconds
[2024-07-29T05:31:42.145+0000] {processor.py:161} INFO - Started process (PID=430) to work on /opt/airflow/dags/welcome_dag.py
[2024-07-29T05:31:42.146+0000] {processor.py:830} INFO - Processing file /opt/airflow/dags/welcome_dag.py for tasks to queue
[2024-07-29T05:31:42.147+0000] {logging_mixin.py:188} INFO - [2024-07-29T05:31:42.147+0000] {dagbag.py:545} INFO - Filling up the DagBag from /opt/airflow/dags/welcome_dag.py
[2024-07-29T05:31:42.166+0000] {processor.py:840} INFO - DAG(s) 'welcome_dag' retrieved from /opt/airflow/dags/welcome_dag.py
[2024-07-29T05:31:42.187+0000] {logging_mixin.py:188} INFO - [2024-07-29T05:31:42.187+0000] {dag.py:3089} INFO - Sync 1 DAGs
[2024-07-29T05:31:42.205+0000] {logging_mixin.py:188} INFO - [2024-07-29T05:31:42.205+0000] {dag.py:3947} INFO - Setting next_dagrun for welcome_dag to 2024-07-28 23:00:00+00:00, run_after=2024-07-29 23:00:00+00:00
[2024-07-29T05:31:42.358+0000] {processor.py:183} INFO - Processing /opt/airflow/dags/welcome_dag.py took 0.217 seconds
[2024-07-29T05:32:13.185+0000] {processor.py:161} INFO - Started process (PID=432) to work on /opt/airflow/dags/welcome_dag.py
[2024-07-29T05:32:13.185+0000] {processor.py:830} INFO - Processing file /opt/airflow/dags/welcome_dag.py for tasks to queue
[2024-07-29T05:32:13.187+0000] {logging_mixin.py:188} INFO - [2024-07-29T05:32:13.187+0000] {dagbag.py:545} INFO - Filling up the DagBag from /opt/airflow/dags/welcome_dag.py
[2024-07-29T05:32:13.205+0000] {processor.py:840} INFO - DAG(s) 'welcome_dag' retrieved from /opt/airflow/dags/welcome_dag.py
[2024-07-29T05:32:13.228+0000] {logging_mixin.py:188} INFO - [2024-07-29T05:32:13.228+0000] {dag.py:3089} INFO - Sync 1 DAGs
[2024-07-29T05:32:13.248+0000] {logging_mixin.py:188} INFO - [2024-07-29T05:32:13.248+0000] {dag.py:3947} INFO - Setting next_dagrun for welcome_dag to 2024-07-28 23:00:00+00:00, run_after=2024-07-29 23:00:00+00:00
[2024-07-29T05:32:13.393+0000] {processor.py:183} INFO - Processing /opt/airflow/dags/welcome_dag.py took 0.213 seconds
